Target: sildenafil.xyz
sml.py:64: VisibleDeprecationWarning: Creating an ndarray from ragged nested sequences (which is a list-or-tuple of lists-or-tuples-or ndarrays with different lengths or shapes) is deprecated. If you meant to do this, you must specify 'dtype=object' when creating the ndarray
  nuclear_charges = np.array([mol.nuclear_charges for mol in mols])
sigma 0.5 l2reg 1e-10 mae 0.8905505264016843
sigma 0.5 l2reg 1e-07 mae 0.8905505231812082
sigma 0.5 l2reg 0.0001 mae 0.8905473027589174
sigma 0.75 l2reg 1e-10 mae 0.6245643462177068
sigma 0.75 l2reg 1e-07 mae 0.6245643424064173
sigma 0.75 l2reg 0.0001 mae 0.6245605421725553
sigma 1 l2reg 1e-10 mae 0.5006802529893422
sigma 1 l2reg 1e-07 mae 0.5006802314943033
sigma 1 l2reg 0.0001 mae 0.500658887301695
sigma 1.25 l2reg 1e-10 mae 0.46496694950582684
sigma 1.25 l2reg 1e-07 mae 0.4649668715512485
sigma 1.25 l2reg 0.0001 mae 0.4648898621464106
min mae 0.4648898621464106 for sigma= 1.25 and l2reg= 0.0001
SML 16 0.4648898621464106
sigma 0.5 l2reg 1e-10 mae 0.6111415225252069
sigma 0.5 l2reg 1e-07 mae 0.611141528840775
sigma 0.5 l2reg 0.0001 mae 0.6111478275984195
sigma 0.75 l2reg 1e-10 mae 0.32497245704759825
sigma 0.75 l2reg 1e-07 mae 0.3249725136170043
sigma 0.75 l2reg 0.0001 mae 0.3250286878592803
sigma 1 l2reg 1e-10 mae 0.1774015462769407
sigma 1 l2reg 1e-07 mae 0.17740173679125082
sigma 1 l2reg 0.0001 mae 0.17758918846702532
sigma 1.25 l2reg 1e-10 mae 0.09701099240703126
sigma 1.25 l2reg 1e-07 mae 0.09701152621388065
sigma 1.25 l2reg 0.0001 mae 0.09752957561587916
min mae 0.09701099240703126 for sigma= 1.25 and l2reg= 1e-10
SML 32 0.09701099240703126
sigma 0.5 l2reg 1e-10 mae 0.5002516745058609
sigma 0.5 l2reg 1e-07 mae 0.5002516733365665
sigma 0.5 l2reg 0.0001 mae 0.5002502843036467
sigma 0.75 l2reg 1e-10 mae 0.2116707354765177
sigma 0.75 l2reg 1e-07 mae 0.21167073612649734
sigma 0.75 l2reg 0.0001 mae 0.2116676014512846
sigma 1 l2reg 1e-10 mae 0.00998467094456057
sigma 1 l2reg 1e-07 mae 0.009984480700096832
sigma 1 l2reg 0.0001 mae 0.009780419795002437
sigma 1.25 l2reg 1e-10 mae 0.20178484668801833
sigma 1.25 l2reg 1e-07 mae 0.20178573904549513
sigma 1.25 l2reg 0.0001 mae 0.2026501705335848
min mae 0.009780419795002437 for sigma= 1 and l2reg= 0.0001
SML 64 0.009780419795002437
sigma 0.5 l2reg 1e-10 mae 0.7688229471493475
sigma 0.5 l2reg 1e-07 mae 0.7688229366840575
sigma 0.5 l2reg 0.0001 mae 0.7688121566207462
sigma 0.75 l2reg 1e-10 mae 0.43134724896717547
sigma 0.75 l2reg 1e-07 mae 0.4313473248134345
sigma 0.75 l2reg 0.0001 mae 0.4314158239210295
sigma 1 l2reg 1e-10 mae 0.2047969086383814
sigma 1 l2reg 1e-07 mae 0.20479675891778992
sigma 1 l2reg 0.0001 mae 0.20462600623114025
sigma 1.25 l2reg 1e-10 mae 0.06528136832325959
sigma 1.25 l2reg 1e-07 mae 0.06528389308208649
sigma 1.25 l2reg 0.0001 mae 0.06753850295131247
min mae 0.06528136832325959 for sigma= 1.25 and l2reg= 1e-10
SML 128 0.06528136832325959
sigma 0.5 l2reg 1e-10 mae 0.8583105791167194
sigma 0.5 l2reg 1e-07 mae 0.858310551247695
sigma 0.5 l2reg 0.0001 mae 0.858282808377985
sigma 0.75 l2reg 1e-10 mae 0.45076921309354656
sigma 0.75 l2reg 1e-07 mae 0.45076913679530417
sigma 0.75 l2reg 0.0001 mae 0.45069775256146993
sigma 1 l2reg 1e-10 mae 0.20919049739356677
sigma 1 l2reg 1e-07 mae 0.2091893619247811
sigma 1 l2reg 0.0001 mae 0.20821474699874454
sigma 1.25 l2reg 1e-10 mae 0.12031310237026549
sigma 1.25 l2reg 1e-07 mae 0.12032140038332262
sigma 1.25 l2reg 0.0001 mae 0.12662382620141432
min mae 0.12031310237026549 for sigma= 1.25 and l2reg= 1e-10
SML 256 0.12031310237026549
sigma 0.5 l2reg 1e-10 mae 1.2317562550941954
sigma 0.5 l2reg 1e-07 mae 1.2317560474938114
sigma 0.5 l2reg 0.0001 mae 1.2315510175450983
sigma 0.75 l2reg 1e-10 mae 0.5504696345295299
sigma 0.75 l2reg 1e-07 mae 0.5504693605928876
sigma 0.75 l2reg 0.0001 mae 0.5502083763310806
sigma 1 l2reg 1e-10 mae 0.16612940070478555
sigma 1 l2reg 1e-07 mae 0.16613031228494446
sigma 1 l2reg 0.0001 mae 0.16695356051954047
sigma 1.25 l2reg 1e-10 mae 0.269229044597215
sigma 1.25 l2reg 1e-07 mae 0.26922327610177366
sigma 1.25 l2reg 0.0001 mae 0.26397587416349655
min mae 0.16612940070478555 for sigma= 1 and l2reg= 1e-10
SML 512 0.16612940070478555
sigma 0.5 l2reg 1e-10 mae 1.7482014900894631
sigma 0.5 l2reg 1e-07 mae 1.7482011705322984
sigma 0.5 l2reg 0.0001 mae 1.7478849669189573
sigma 0.75 l2reg 1e-10 mae 0.7542515264904592
sigma 0.75 l2reg 1e-07 mae 0.7542506956011961
sigma 0.75 l2reg 0.0001 mae 0.7534539230585677
sigma 1 l2reg 1e-10 mae 0.09142925484229192
sigma 1 l2reg 1e-07 mae 0.09143071146911108
sigma 1 l2reg 0.0001 mae 0.09271985605951283
sigma 1.25 l2reg 1e-10 mae 0.7104801590777798
sigma 1.25 l2reg 1e-07 mae 0.7104561886704106
sigma 1.25 l2reg 0.0001 mae 0.6913222576381814
min mae 0.09142925484229192 for sigma= 1 and l2reg= 1e-10
SML 1024 0.09142925484229192
Shuffle training data iter... 1 / 5
sigma 0.5 l2reg 1e-10 mae 0.7731124238877949
sigma 0.5 l2reg 1e-07 mae 0.77311242171224
sigma 0.5 l2reg 0.0001 mae 0.7731102461778008
sigma 0.75 l2reg 1e-10 mae 0.4407496220400624
sigma 0.75 l2reg 1e-07 mae 0.4407496200404033
sigma 0.75 l2reg 0.0001 mae 0.4407476204211789
sigma 1 l2reg 1e-10 mae 0.23473516411563455
sigma 1 l2reg 1e-07 mae 0.23473516363549995
sigma 1 l2reg 0.0001 mae 0.2347346835334987
sigma 1.25 l2reg 1e-10 mae 0.01861979642904732
sigma 1.25 l2reg 1e-07 mae 0.01861980275199482
sigma 1.25 l2reg 0.0001 mae 0.018626125452048115
min mae 0.01861979642904732 for sigma= 1.25 and l2reg= 1e-10
Random 16 0.01861979642904732
sigma 0.5 l2reg 1e-10 mae 0.9777467851480569
sigma 0.5 l2reg 1e-07 mae 0.9777467810357806
sigma 0.5 l2reg 0.0001 mae 0.9777426688046411
sigma 0.75 l2reg 1e-10 mae 0.49576310552397584
sigma 0.75 l2reg 1e-07 mae 0.4957631034056702
sigma 0.75 l2reg 0.0001 mae 0.4957609851297651
sigma 1 l2reg 1e-10 mae 0.2490156367943719
sigma 1 l2reg 1e-07 mae 0.24901563795310877
sigma 1 l2reg 0.0001 mae 0.24901679659064802
sigma 1.25 l2reg 1e-10 mae 0.015763218815516566
sigma 1.25 l2reg 1e-07 mae 0.015763229869224737
sigma 1.25 l2reg 0.0001 mae 0.0157742825980407
min mae 0.015763218815516566 for sigma= 1.25 and l2reg= 1e-10
Random 32 0.015763218815516566
sigma 0.5 l2reg 1e-10 mae 1.0706547304785419
sigma 0.5 l2reg 1e-07 mae 1.0706547260280006
sigma 0.5 l2reg 0.0001 mae 1.0706502755346592
sigma 0.75 l2reg 1e-10 mae 0.5361710533871487
sigma 0.75 l2reg 1e-07 mae 0.5361710502654113
sigma 0.75 l2reg 0.0001 mae 0.5361679286438736
sigma 1 l2reg 1e-10 mae 0.2616084209030469
sigma 1 l2reg 1e-07 mae 0.26160842447406907
sigma 1 l2reg 0.0001 mae 0.2616119947936171
sigma 1.25 l2reg 1e-10 mae 0.018305583699186112
sigma 1.25 l2reg 1e-07 mae 0.018305612882147493
sigma 1.25 l2reg 0.0001 mae 0.01833478508190467
min mae 0.018305583699186112 for sigma= 1.25 and l2reg= 1e-10
Random 64 0.018305583699186112
sigma 0.5 l2reg 1e-10 mae 1.174738333411168
sigma 0.5 l2reg 1e-07 mae 1.174738327077932
sigma 0.5 l2reg 0.0001 mae 1.1747319939604157
sigma 0.75 l2reg 1e-10 mae 0.5296277906579743
sigma 0.75 l2reg 1e-07 mae 0.5296277877895719
sigma 0.75 l2reg 0.0001 mae 0.5296249195077873
sigma 1 l2reg 1e-10 mae 0.18206730425324924
sigma 1 l2reg 1e-07 mae 0.18206731628854467
sigma 1 l2reg 0.0001 mae 0.18207934890171895
sigma 1.25 l2reg 1e-10 mae 0.17699041927185188
sigma 1.25 l2reg 1e-07 mae 0.17699034268464953
sigma 1.25 l2reg 0.0001 mae 0.17691379105561378
min mae 0.17691379105561378 for sigma= 1.25 and l2reg= 0.0001
Random 128 0.17691379105561378
sigma 0.5 l2reg 1e-10 mae 1.3647469760212143
sigma 0.5 l2reg 1e-07 mae 1.3647469690014882
sigma 0.5 l2reg 0.0001 mae 1.3647399493797088
sigma 0.75 l2reg 1e-10 mae 0.6154866625258157
sigma 0.75 l2reg 1e-07 mae 0.615486648956209
sigma 0.75 l2reg 0.0001 mae 0.6154730808940081
sigma 1 l2reg 1e-10 mae 0.14166975269323157
sigma 1 l2reg 1e-07 mae 0.14166976667175835
sigma 1 l2reg 0.0001 mae 0.14168373246516186
sigma 1.25 l2reg 1e-10 mae 0.40665778301616573
sigma 1.25 l2reg 1e-07 mae 0.40665755309057605
sigma 1.25 l2reg 0.0001 mae 0.4064279235353654
min mae 0.14166975269323157 for sigma= 1 and l2reg= 1e-10
Random 256 0.14166975269323157
sigma 0.5 l2reg 1e-10 mae 1.5357221821312033
sigma 0.5 l2reg 1e-07 mae 1.5357221776985108
sigma 0.5 l2reg 0.0001 mae 1.5357177439549075
sigma 0.75 l2reg 1e-10 mae 0.6174278340639381
sigma 0.75 l2reg 1e-07 mae 0.6174278551900434
sigma 0.75 l2reg 0.0001 mae 0.6174489615564012
sigma 1 l2reg 1e-10 mae 0.16510647982530013
sigma 1 l2reg 1e-07 mae 0.16510648301191377
sigma 1 l2reg 0.0001 mae 0.16510971326845958
sigma 1.25 l2reg 1e-10 mae 0.2853478397730429
sigma 1.25 l2reg 1e-07 mae 0.28534817988618943
sigma 1.25 l2reg 0.0001 mae 0.2856842374091899
min mae 0.16510647982530013 for sigma= 1 and l2reg= 1e-10
Random 512 0.16510647982530013
sigma 0.5 l2reg 1e-10 mae 1.8865234355388543
sigma 0.5 l2reg 1e-07 mae 1.8865234199243508
sigma 0.5 l2reg 0.0001 mae 1.8865077980892737
sigma 0.75 l2reg 1e-10 mae 0.7591078205659754
sigma 0.75 l2reg 1e-07 mae 0.7591077800056594
sigma 0.75 l2reg 0.0001 mae 0.7590676020317622
sigma 1 l2reg 1e-10 mae 0.12742420363740603
sigma 1 l2reg 1e-07 mae 0.12742434168877548
sigma 1 l2reg 0.0001 mae 0.1275603689475444
sigma 1.25 l2reg 1e-10 mae 0.6076097335505226
sigma 1.25 l2reg 1e-07 mae 0.6076077269968652
sigma 1.25 l2reg 0.0001 mae 0.605662802608312
min mae 0.12742420363740603 for sigma= 1 and l2reg= 1e-10
Random 1024 0.12742420363740603
Shuffle training data iter... 2 / 5
sigma 0.5 l2reg 1e-10 mae 0.848032661234239
sigma 0.5 l2reg 1e-07 mae 0.848032659799928
sigma 0.5 l2reg 0.0001 mae 0.8480312254909885
sigma 0.75 l2reg 1e-10 mae 0.4233362318441132
sigma 0.75 l2reg 1e-07 mae 0.4233362321859939
sigma 0.75 l2reg 0.0001 mae 0.4233365740357058
sigma 1 l2reg 1e-10 mae 0.19053543384968963
sigma 1 l2reg 1e-07 mae 0.19053543702901532
sigma 1 l2reg 0.0001 mae 0.1905386161814464
sigma 1.25 l2reg 1e-10 mae 0.013006303756609938
sigma 1.25 l2reg 1e-07 mae 0.013006294293055554
sigma 1.25 l2reg 0.0001 mae 0.012996831451150825
min mae 0.012996831451150825 for sigma= 1.25 and l2reg= 0.0001
Random 16 0.012996831451150825
sigma 0.5 l2reg 1e-10 mae 0.880335151509015
sigma 0.5 l2reg 1e-07 mae 0.8803351500770663
sigma 0.5 l2reg 0.0001 mae 0.8803337181305574
sigma 0.75 l2reg 1e-10 mae 0.4260068588789605
sigma 0.75 l2reg 1e-07 mae 0.42600685924589765
sigma 0.75 l2reg 0.0001 mae 0.4260072261423953
sigma 1 l2reg 1e-10 mae 0.1929418380338781
sigma 1 l2reg 1e-07 mae 0.1929418401424341
sigma 1 l2reg 0.0001 mae 0.19294394859944042
sigma 1.25 l2reg 1e-10 mae 0.001410706206168122
sigma 1.25 l2reg 1e-07 mae 0.0014107034433319399
sigma 1.25 l2reg 0.0001 mae 0.0014079401538831249
min mae 0.0014079401538831249 for sigma= 1.25 and l2reg= 0.0001
Random 32 0.0014079401538831249
sigma 0.5 l2reg 1e-10 mae 1.1587559044055822
sigma 0.5 l2reg 1e-07 mae 1.1587558999905596
sigma 0.5 l2reg 0.0001 mae 1.158751485033886
sigma 0.75 l2reg 1e-10 mae 0.541729350314621
sigma 0.75 l2reg 1e-07 mae 0.5417293487323329
sigma 0.75 l2reg 0.0001 mae 0.541727766464493
sigma 1 l2reg 1e-10 mae 0.2604708888528453
sigma 1 l2reg 1e-07 mae 0.2604708893722929
sigma 1 l2reg 0.0001 mae 0.2604714088734239
sigma 1.25 l2reg 1e-10 mae 0.09793160875587237
sigma 1.25 l2reg 1e-07 mae 0.09793161254179505
sigma 1.25 l2reg 0.0001 mae 0.09793540131693046
min mae 0.09793160875587237 for sigma= 1.25 and l2reg= 1e-10
Random 64 0.09793160875587237
sigma 0.5 l2reg 1e-10 mae 1.2678656988367627
sigma 0.5 l2reg 1e-07 mae 1.2678656941837638
sigma 0.5 l2reg 0.0001 mae 1.2678610412060602
sigma 0.75 l2reg 1e-10 mae 0.5432345522000057
sigma 0.75 l2reg 1e-07 mae 0.5432345506743159
sigma 0.75 l2reg 0.0001 mae 0.5432330248534583
sigma 1 l2reg 1e-10 mae 0.25361323610449205
sigma 1 l2reg 1e-07 mae 0.25361322728910096
sigma 1 l2reg 0.0001 mae 0.253604417236172
sigma 1.25 l2reg 1e-10 mae 0.09202934230671023
sigma 1.25 l2reg 1e-07 mae 0.09202928135394028
sigma 1.25 l2reg 0.0001 mae 0.09196841620487728
min mae 0.09196841620487728 for sigma= 1.25 and l2reg= 0.0001
Random 128 0.09196841620487728
sigma 0.5 l2reg 1e-10 mae 1.4065655737950835
sigma 0.5 l2reg 1e-07 mae 1.4065655652347697
sigma 0.5 l2reg 0.0001 mae 1.4065570051119651
sigma 0.75 l2reg 1e-10 mae 0.6176581277399631
sigma 0.75 l2reg 1e-07 mae 0.6176581194089161
sigma 0.75 l2reg 0.0001 mae 0.6176497890857302
sigma 1 l2reg 1e-10 mae 0.2142428522933999
sigma 1 l2reg 1e-07 mae 0.21424283682292344
sigma 1 l2reg 0.0001 mae 0.21422737803738823
sigma 1.25 l2reg 1e-10 mae 0.1031970853723232
sigma 1.25 l2reg 1e-07 mae 0.10319723084780197
sigma 1.25 l2reg 0.0001 mae 0.10334255293619865
min mae 0.1031970853723232 for sigma= 1.25 and l2reg= 1e-10
Random 256 0.1031970853723232
sigma 0.5 l2reg 1e-10 mae 1.7190492387163294
sigma 0.5 l2reg 1e-07 mae 1.719049234516568
sigma 0.5 l2reg 0.0001 mae 1.7190450328182543
sigma 0.75 l2reg 1e-10 mae 0.6973426541360856
sigma 0.75 l2reg 1e-07 mae 0.697342683452356
sigma 0.75 l2reg 0.0001 mae 0.6973719633261135
sigma 1 l2reg 1e-10 mae 0.2019724475761917
sigma 1 l2reg 1e-07 mae 0.20197246715924333
sigma 1 l2reg 0.0001 mae 0.20199199507536658
sigma 1.25 l2reg 1e-10 mae 0.1969411529947438
sigma 1.25 l2reg 1e-07 mae 0.1969413055318059
sigma 1.25 l2reg 0.0001 mae 0.19709294565338542
min mae 0.1969411529947438 for sigma= 1.25 and l2reg= 1e-10
Random 512 0.1969411529947438
sigma 0.5 l2reg 1e-10 mae 1.8749963508727534
sigma 0.5 l2reg 1e-07 mae 1.8749963540260852
sigma 0.5 l2reg 0.0001 mae 1.874999498210987
sigma 0.75 l2reg 1e-10 mae 0.7046602652561331
sigma 0.75 l2reg 1e-07 mae 0.7046603446895814
sigma 0.75 l2reg 0.0001 mae 0.7047396426008801
sigma 1 l2reg 1e-10 mae 0.13958622996380665
sigma 1 l2reg 1e-07 mae 0.13958632259325565
sigma 1 l2reg 0.0001 mae 0.13967808663502534
sigma 1.25 l2reg 1e-10 mae 0.24899343537666585
sigma 1.25 l2reg 1e-07 mae 0.24899372128655717
sigma 1.25 l2reg 0.0001 mae 0.2492915978591883
min mae 0.13958622996380665 for sigma= 1 and l2reg= 1e-10
Random 1024 0.13958622996380665
Shuffle training data iter... 3 / 5
sigma 0.5 l2reg 1e-10 mae 0.766779900845171
sigma 0.5 l2reg 1e-07 mae 0.7667798985761713
sigma 0.5 l2reg 0.0001 mae 0.7667776296127594
sigma 0.75 l2reg 1e-10 mae 0.44708523890938806
sigma 0.75 l2reg 1e-07 mae 0.4470852370493227
sigma 0.75 l2reg 0.0001 mae 0.4470833770333463
sigma 1 l2reg 1e-10 mae 0.3024480028408714
sigma 1 l2reg 1e-07 mae 0.3024480013092138
sigma 1 l2reg 0.0001 mae 0.30244646971410544
sigma 1.25 l2reg 1e-10 mae 0.18670054736376934
sigma 1.25 l2reg 1e-07 mae 0.18670054737163894
sigma 1.25 l2reg 0.0001 mae 0.18670055527892304
min mae 0.18670054736376934 for sigma= 1.25 and l2reg= 1e-10
Random 16 0.18670054736376934
sigma 0.5 l2reg 1e-10 mae 0.8882507386532081
sigma 0.5 l2reg 1e-07 mae 0.8882507364386485
sigma 0.5 l2reg 0.0001 mae 0.8882485219003364
sigma 0.75 l2reg 1e-10 mae 0.47225551030106994
sigma 0.75 l2reg 1e-07 mae 0.47225550888026935
sigma 0.75 l2reg 0.0001 mae 0.47225408811518443
sigma 1 l2reg 1e-10 mae 0.2944065818158679
sigma 1 l2reg 1e-07 mae 0.2944065803264624
sigma 1 l2reg 0.0001 mae 0.294405091085713
sigma 1.25 l2reg 1e-10 mae 0.15947028279509645
sigma 1.25 l2reg 1e-07 mae 0.15947028107585215
sigma 1.25 l2reg 0.0001 mae 0.1594685625967731
min mae 0.1594685625967731 for sigma= 1.25 and l2reg= 0.0001
Random 32 0.1594685625967731
sigma 0.5 l2reg 1e-10 mae 0.9270077076627428
sigma 0.5 l2reg 1e-07 mae 0.9270077064967398
sigma 0.5 l2reg 0.0001 mae 0.9270065404847851
sigma 0.75 l2reg 1e-10 mae 0.40792700913110447
sigma 0.75 l2reg 1e-07 mae 0.40792701097501993
sigma 0.75 l2reg 0.0001 mae 0.407928854789144
sigma 1 l2reg 1e-10 mae 0.19401834742283786
sigma 1 l2reg 1e-07 mae 0.1940183515488898
sigma 1 l2reg 0.0001 mae 0.19402247726882393
sigma 1.25 l2reg 1e-10 mae 0.060412424339493676
sigma 1.25 l2reg 1e-07 mae 0.060412432665178706
sigma 1.25 l2reg 0.0001 mae 0.060420755825107086
min mae 0.060412424339493676 for sigma= 1.25 and l2reg= 1e-10
Random 64 0.060412424339493676
sigma 0.5 l2reg 1e-10 mae 1.0414309569999043
sigma 0.5 l2reg 1e-07 mae 1.0414309555104024
sigma 0.5 l2reg 0.0001 mae 1.0414294659906937
sigma 0.75 l2reg 1e-10 mae 0.4385292683394475
sigma 0.75 l2reg 1e-07 mae 0.4385292729639483
sigma 0.75 l2reg 0.0001 mae 0.4385338968861783
sigma 1 l2reg 1e-10 mae 0.1826605728735009
sigma 1 l2reg 1e-07 mae 0.18266058108924366
sigma 1 l2reg 0.0001 mae 0.18266879383014167
sigma 1.25 l2reg 1e-10 mae 0.029071040835465745
sigma 1.25 l2reg 1e-07 mae 0.02907103604040362
sigma 1.25 l2reg 0.0001 mae 0.029066244216235937
min mae 0.029066244216235937 for sigma= 1.25 and l2reg= 0.0001
Random 128 0.029066244216235937
sigma 0.5 l2reg 1e-10 mae 1.2336522736021909
sigma 0.5 l2reg 1e-07 mae 1.2336522654969646
sigma 0.5 l2reg 0.0001 mae 1.233644160661338
sigma 0.75 l2reg 1e-10 mae 0.5256029159917324
sigma 0.75 l2reg 1e-07 mae 0.5256029053791726
sigma 0.75 l2reg 0.0001 mae 0.5255922952278231
sigma 1 l2reg 1e-10 mae 0.17991132879251115
sigma 1 l2reg 1e-07 mae 0.1799113476951808
sigma 1 l2reg 0.0001 mae 0.17993020081696987
sigma 1.25 l2reg 1e-10 mae 0.16222043499425443
sigma 1.25 l2reg 1e-07 mae 0.16222028370162977
sigma 1.25 l2reg 0.0001 mae 0.16206954375901983
min mae 0.16206954375901983 for sigma= 1.25 and l2reg= 0.0001
Random 256 0.16206954375901983
sigma 0.5 l2reg 1e-10 mae 1.5423935383446592
sigma 0.5 l2reg 1e-07 mae 1.5423935122501975
sigma 0.5 l2reg 0.0001 mae 1.5423674212684544
sigma 0.75 l2reg 1e-10 mae 0.6480562498548723
sigma 0.75 l2reg 1e-07 mae 0.648056220560119
sigma 0.75 l2reg 0.0001 mae 0.6480269488212977
sigma 1 l2reg 1e-10 mae 0.16042434312371778
sigma 1 l2reg 1e-07 mae 0.16042432686090446
sigma 1 l2reg 0.0001 mae 0.1604083267134504
sigma 1.25 l2reg 1e-10 mae 0.18732443778333607
sigma 1.25 l2reg 1e-07 mae 0.1873251130824416
sigma 1.25 l2reg 0.0001 mae 0.18799173168619365
min mae 0.1604083267134504 for sigma= 1 and l2reg= 0.0001
Random 512 0.1604083267134504
sigma 0.5 l2reg 1e-10 mae 1.9681704826667916
sigma 0.5 l2reg 1e-07 mae 1.9681704392769293
sigma 0.5 l2reg 0.0001 mae 1.9681270571014045
sigma 0.75 l2reg 1e-10 mae 0.791500950633135
sigma 0.75 l2reg 1e-07 mae 0.7915009299136271
sigma 0.75 l2reg 0.0001 mae 0.791480092186684
sigma 1 l2reg 1e-10 mae 0.13811391587133226
sigma 1 l2reg 1e-07 mae 0.13811401802788748
sigma 1 l2reg 0.0001 mae 0.13821480192883495
sigma 1.25 l2reg 1e-10 mae 0.3257786820860149
sigma 1.25 l2reg 1e-07 mae 0.32577809625813803
sigma 1.25 l2reg 0.0001 mae 0.3252063165544756
min mae 0.13811391587133226 for sigma= 1 and l2reg= 1e-10
Random 1024 0.13811391587133226
Shuffle training data iter... 4 / 5
sigma 0.5 l2reg 1e-10 mae 0.7507395034169414
sigma 0.5 l2reg 1e-07 mae 0.7507395014883361
sigma 0.5 l2reg 0.0001 mae 0.7507375729078123
sigma 0.75 l2reg 1e-10 mae 0.4092796232594388
sigma 0.75 l2reg 1e-07 mae 0.40927962199983137
sigma 0.75 l2reg 0.0001 mae 0.40927836243511095
sigma 1 l2reg 1e-10 mae 0.24492669517955912
sigma 1 l2reg 1e-07 mae 0.24492669628988717
sigma 1 l2reg 0.0001 mae 0.24492780655305801
sigma 1.25 l2reg 1e-10 mae 0.11765256931390278
sigma 1.25 l2reg 1e-07 mae 0.11765257856384048
sigma 1.25 l2reg 0.0001 mae 0.11766182735380348
min mae 0.11765256931390278 for sigma= 1.25 and l2reg= 1e-10
Random 16 0.11765256931390278
sigma 0.5 l2reg 1e-10 mae 0.9611991747692683
sigma 0.5 l2reg 1e-07 mae 0.9611991719668525
sigma 0.5 l2reg 0.0001 mae 0.9611963695781471
sigma 0.75 l2reg 1e-10 mae 0.48785793692630186
sigma 0.75 l2reg 1e-07 mae 0.4878579355072712
sigma 0.75 l2reg 0.0001 mae 0.48785651650924633
sigma 1 l2reg 1e-10 mae 0.2503331254475194
sigma 1 l2reg 1e-07 mae 0.2503331285461714
sigma 1 l2reg 0.0001 mae 0.2503362269602869
sigma 1.25 l2reg 1e-10 mae 0.028262907343748367
sigma 1.25 l2reg 1e-07 mae 0.028262930186275348
sigma 1.25 l2reg 0.0001 mae 0.028285769425409057
min mae 0.028262907343748367 for sigma= 1.25 and l2reg= 1e-10
Random 32 0.028262907343748367
sigma 0.5 l2reg 1e-10 mae 0.8658267949145875
sigma 0.5 l2reg 1e-07 mae 0.8658267927412384
sigma 0.5 l2reg 0.0001 mae 0.865824619423885
sigma 0.75 l2reg 1e-10 mae 0.38984210504258376
sigma 0.75 l2reg 1e-07 mae 0.38984210444429346
sigma 0.75 l2reg 0.0001 mae 0.3898415061882794
sigma 1 l2reg 1e-10 mae 0.1637881684463851
sigma 1 l2reg 1e-07 mae 0.16378817102181653
sigma 1 l2reg 0.0001 mae 0.1637907465301751
sigma 1.25 l2reg 1e-10 mae 0.0071651420995646475
sigma 1.25 l2reg 1e-07 mae 0.007165126949304934
sigma 1.25 l2reg 0.0001 mae 0.007149977706484734
min mae 0.007149977706484734 for sigma= 1.25 and l2reg= 0.0001
Random 64 0.007149977706484734
sigma 0.5 l2reg 1e-10 mae 1.0481703950051688
sigma 0.5 l2reg 1e-07 mae 1.0481703911042755
sigma 0.5 l2reg 0.0001 mae 1.048166490412933
sigma 0.75 l2reg 1e-10 mae 0.4638052613287771
sigma 0.75 l2reg 1e-07 mae 0.4638052537808175
sigma 0.75 l2reg 0.0001 mae 0.46379770775683316
sigma 1 l2reg 1e-10 mae 0.19446857315022914
sigma 1 l2reg 1e-07 mae 0.1944685783761786
sigma 1 l2reg 0.0001 mae 0.19447380369074363
sigma 1.25 l2reg 1e-10 mae 0.05119551496666741
sigma 1.25 l2reg 1e-07 mae 0.05119534154039673
sigma 1.25 l2reg 0.0001 mae 0.05102214155631035
min mae 0.05102214155631035 for sigma= 1.25 and l2reg= 0.0001
Random 128 0.05102214155631035
sigma 0.5 l2reg 1e-10 mae 1.241356643293209
sigma 0.5 l2reg 1e-07 mae 1.2413566352712206
sigma 0.5 l2reg 0.0001 mae 1.2413486136740506
sigma 0.75 l2reg 1e-10 mae 0.5196014816944787
sigma 0.75 l2reg 1e-07 mae 0.5196014697355675
sigma 0.75 l2reg 0.0001 mae 0.5195895141218785
sigma 1 l2reg 1e-10 mae 0.15240138487399335
sigma 1 l2reg 1e-07 mae 0.15240140210404052
sigma 1 l2reg 0.0001 mae 0.15241862434001163
sigma 1.25 l2reg 1e-10 mae 0.2633897114072896
sigma 1.25 l2reg 1e-07 mae 0.2633894324253072
sigma 1.25 l2reg 0.0001 mae 0.2631108447956434
min mae 0.15240138487399335 for sigma= 1 and l2reg= 1e-10
Random 256 0.15240138487399335
sigma 0.5 l2reg 1e-10 mae 1.6655167383151204
sigma 0.5 l2reg 1e-07 mae 1.6655167195443301
sigma 0.5 l2reg 0.0001 mae 1.6654979504527496
sigma 0.75 l2reg 1e-10 mae 0.6625682290220487
sigma 0.75 l2reg 1e-07 mae 0.662568236307659
sigma 0.75 l2reg 0.0001 mae 0.662575493499026
sigma 1 l2reg 1e-10 mae 0.14277748280110014
sigma 1 l2reg 1e-07 mae 0.1427775484964604
sigma 1 l2reg 0.0001 mae 0.14284292366827156
sigma 1.25 l2reg 1e-10 mae 0.3117181635489432
sigma 1.25 l2reg 1e-07 mae 0.31171833164822704
sigma 1.25 l2reg 0.0001 mae 0.31188649907763466
min mae 0.14277748280110014 for sigma= 1 and l2reg= 1e-10
Random 512 0.14277748280110014
sigma 0.5 l2reg 1e-10 mae 1.8464857861556103
sigma 0.5 l2reg 1e-07 mae 1.846485763311411
sigma 0.5 l2reg 0.0001 mae 1.8464629344058219
sigma 0.75 l2reg 1e-10 mae 0.6569164309763265
sigma 0.75 l2reg 1e-07 mae 0.6569164399991108
sigma 0.75 l2reg 0.0001 mae 0.6569256185848529
sigma 1 l2reg 1e-10 mae 0.13190665079820985
sigma 1 l2reg 1e-07 mae 0.1319066583082913
sigma 1 l2reg 0.0001 mae 0.13191410965288508
sigma 1.25 l2reg 1e-10 mae 0.17587605406781837
sigma 1.25 l2reg 1e-07 mae 0.17587602728221885
sigma 1.25 l2reg 0.0001 mae 0.1758990949802568
min mae 0.13190665079820985 for sigma= 1 and l2reg= 1e-10
Random 1024 0.13190665079820985
Shuffle training data iter... 5 / 5
sigma 0.5 l2reg 1e-10 mae 0.7988713221257324
sigma 0.5 l2reg 1e-07 mae 0.7988713204254508
sigma 0.5 l2reg 0.0001 mae 0.7988696201523797
sigma 0.75 l2reg 1e-10 mae 0.4145849575952174
sigma 0.75 l2reg 1e-07 mae 0.4145849572688335
sigma 0.75 l2reg 0.0001 mae 0.4145846308806588
sigma 1 l2reg 1e-10 mae 0.19732549680537864
sigma 1 l2reg 1e-07 mae 0.19732549764145252
sigma 1 l2reg 0.0001 mae 0.19732633369316915
sigma 1.25 l2reg 1e-10 mae 0.00702635975279664
sigma 1.25 l2reg 1e-07 mae 0.007026363095263166
sigma 1.25 l2reg 0.0001 mae 0.007029705469176584
min mae 0.00702635975279664 for sigma= 1.25 and l2reg= 1e-10
Random 16 0.00702635975279664
sigma 0.5 l2reg 1e-10 mae 0.8915560656866202
sigma 0.5 l2reg 1e-07 mae 0.8915560618372931
sigma 0.5 l2reg 0.0001 mae 0.8915522125784161
sigma 0.75 l2reg 1e-10 mae 0.4482527941628449
sigma 0.75 l2reg 1e-07 mae 0.4482527908341112
sigma 0.75 l2reg 0.0001 mae 0.44824946226663887
sigma 1 l2reg 1e-10 mae 0.14614234616290478
sigma 1 l2reg 1e-07 mae 0.14614234740695764
sigma 1 l2reg 0.0001 mae 0.14614359150357092
sigma 1.25 l2reg 1e-10 mae 0.17603578075822757
sigma 1.25 l2reg 1e-07 mae 0.17603576210793914
sigma 1.25 l2reg 0.0001 mae 0.17601711391829067
min mae 0.14614234616290478 for sigma= 1 and l2reg= 1e-10
Random 32 0.14614234616290478
sigma 0.5 l2reg 1e-10 mae 0.9955184207696735
sigma 0.5 l2reg 1e-07 mae 0.9955184143860394
sigma 0.5 l2reg 0.0001 mae 0.9955120309080194
sigma 0.75 l2reg 1e-10 mae 0.4676367197503275
sigma 0.75 l2reg 1e-07 mae 0.46763671334864565
sigma 0.75 l2reg 0.0001 mae 0.46763031209546124
sigma 1 l2reg 1e-10 mae 0.11584244747980055
sigma 1 l2reg 1e-07 mae 0.11584244806644595
sigma 1 l2reg 0.0001 mae 0.1158430348696049
sigma 1.25 l2reg 1e-10 mae 0.25973476458969547
sigma 1.25 l2reg 1e-07 mae 0.259734725919329
sigma 1.25 l2reg 0.0001 mae 0.25969606628639763
min mae 0.11584244747980055 for sigma= 1 and l2reg= 1e-10
Random 64 0.11584244747980055
sigma 0.5 l2reg 1e-10 mae 0.9568663915016555
sigma 0.5 l2reg 1e-07 mae 0.9568663884966603
sigma 0.5 l2reg 0.0001 mae 0.9568633834770461
sigma 0.75 l2reg 1e-10 mae 0.40207839209267204
sigma 0.75 l2reg 1e-07 mae 0.4020783905347409
sigma 0.75 l2reg 0.0001 mae 0.402076832830081
sigma 1 l2reg 1e-10 mae 0.09893520343618167
sigma 1 l2reg 1e-07 mae 0.09893520970231862
sigma 1 l2reg 0.0001 mae 0.09894147600016812
sigma 1.25 l2reg 1e-10 mae 0.2313064599649075
sigma 1.25 l2reg 1e-07 mae 0.23130636834180507
sigma 1.25 l2reg 0.0001 mae 0.231214819500015
min mae 0.09893520343618167 for sigma= 1 and l2reg= 1e-10
Random 128 0.09893520343618167
sigma 0.5 l2reg 1e-10 mae 1.2823156686090091
sigma 0.5 l2reg 1e-07 mae 1.2823156647001404
sigma 0.5 l2reg 0.0001 mae 1.2823117555757517
sigma 0.75 l2reg 1e-10 mae 0.548445735121466
sigma 0.75 l2reg 1e-07 mae 0.5484457336672337
sigma 0.75 l2reg 0.0001 mae 0.5484442760621877
sigma 1 l2reg 1e-10 mae 0.18426349561497446
sigma 1 l2reg 1e-07 mae 0.18426350200722208
sigma 1 l2reg 0.0001 mae 0.18426988508462028
sigma 1.25 l2reg 1e-10 mae 0.1768472772793297
sigma 1.25 l2reg 1e-07 mae 0.1768471767205364
sigma 1.25 l2reg 0.0001 mae 0.17674634822132607
min mae 0.17674634822132607 for sigma= 1.25 and l2reg= 0.0001
Random 256 0.17674634822132607
sigma 0.5 l2reg 1e-10 mae 1.687380878194399
sigma 0.5 l2reg 1e-07 mae 1.6873808589304078
sigma 0.5 l2reg 0.0001 mae 1.6873615993545537
sigma 0.75 l2reg 1e-10 mae 0.6591640849804348
sigma 0.75 l2reg 1e-07 mae 0.6591640699691679
sigma 0.75 l2reg 0.0001 mae 0.6591490918881986
sigma 1 l2reg 1e-10 mae 0.18631189909604995
sigma 1 l2reg 1e-07 mae 0.18631190707733492
sigma 1 l2reg 0.0001 mae 0.18631989688574446
sigma 1.25 l2reg 1e-10 mae 0.04964430349901239
sigma 1.25 l2reg 1e-07 mae 0.04964463904295702
sigma 1.25 l2reg 0.0001 mae 0.04997889021087065
min mae 0.04964430349901239 for sigma= 1.25 and l2reg= 1e-10
Random 512 0.04964430349901239
sigma 0.5 l2reg 1e-10 mae 2.021617758208392
sigma 0.5 l2reg 1e-07 mae 2.0216177067512193
sigma 0.5 l2reg 0.0001 mae 2.0215662653341395
sigma 0.75 l2reg 1e-10 mae 0.7325945381015826
sigma 0.75 l2reg 1e-07 mae 0.732594445558397
sigma 0.75 l2reg 0.0001 mae 0.7325021312678208
sigma 1 l2reg 1e-10 mae 0.12530083673817938
sigma 1 l2reg 1e-07 mae 0.12530094448996731
sigma 1 l2reg 0.0001 mae 0.12540771389365357
sigma 1.25 l2reg 1e-10 mae 0.34194535077763977
sigma 1.25 l2reg 1e-07 mae 0.34194328466597756
sigma 1.25 l2reg 0.0001 mae 0.33991660995424855
min mae 0.12530083673817938 for sigma= 1 and l2reg= 1e-10
Random 1024 0.12530083673817938
Target: troglitazone.xyz
sigma 0.5 l2reg 1e-10 mae 0.8603008305060403
sigma 0.5 l2reg 1e-07 mae 0.8603008282757401
sigma 0.5 l2reg 0.0001 mae 0.8602985980518633
sigma 0.75 l2reg 1e-10 mae 0.6112506961940749
sigma 0.75 l2reg 1e-07 mae 0.6112506958024644
sigma 0.75 l2reg 0.0001 mae 0.6112503041770332
sigma 1 l2reg 1e-10 mae 0.4784568307582394
sigma 1 l2reg 1e-07 mae 0.47845682954653423
sigma 1 l2reg 0.0001 mae 0.47845561827284966
sigma 1.25 l2reg 1e-10 mae 0.41104453226741033
sigma 1.25 l2reg 1e-07 mae 0.4110445233592097
sigma 1.25 l2reg 0.0001 mae 0.4110356198427616
min mae 0.4110356198427616 for sigma= 1.25 and l2reg= 0.0001
SML 16 0.4110356198427616
sigma 0.5 l2reg 1e-10 mae 0.6132284832184054
sigma 0.5 l2reg 1e-07 mae 0.6132284828673551
sigma 0.5 l2reg 0.0001 mae 0.6132281326046114
sigma 0.75 l2reg 1e-10 mae 0.3761124865125254
sigma 0.75 l2reg 1e-07 mae 0.3761124872521502
sigma 0.75 l2reg 0.0001 mae 0.3761132326276
sigma 1 l2reg 1e-10 mae 0.24500541168866885
sigma 1 l2reg 1e-07 mae 0.2450054147125602
sigma 1 l2reg 0.0001 mae 0.2450084607823113
sigma 1.25 l2reg 1e-10 mae 0.15620494833070087
sigma 1.25 l2reg 1e-07 mae 0.1562049783578372
sigma 1.25 l2reg 0.0001 mae 0.15623486399660802
min mae 0.15620494833070087 for sigma= 1.25 and l2reg= 1e-10
SML 32 0.15620494833070087
sigma 0.5 l2reg 1e-10 mae 0.5555190463519581
sigma 0.5 l2reg 1e-07 mae 0.555519043632879
sigma 0.5 l2reg 0.0001 mae 0.5555162132094322
sigma 0.75 l2reg 1e-10 mae 0.3001736886911539
sigma 0.75 l2reg 1e-07 mae 0.3001736411232878
sigma 0.75 l2reg 0.0001 mae 0.30012457246768687
sigma 1 l2reg 1e-10 mae 0.11429432243592341
sigma 1 l2reg 1e-07 mae 0.11429416433036277
sigma 1 l2reg 0.0001 mae 0.11412279507470569
sigma 1.25 l2reg 1e-10 mae 0.08913998514314958
sigma 1.25 l2reg 1e-07 mae 0.08913987446509086
sigma 1.25 l2reg 0.0001 mae 0.08914576071074354
min mae 0.08913987446509086 for sigma= 1.25 and l2reg= 1e-07
SML 64 0.08913987446509086
sigma 0.5 l2reg 1e-10 mae 0.78398985700096
sigma 0.5 l2reg 1e-07 mae 0.7839898502672247
sigma 0.5 l2reg 0.0001 mae 0.7839828408606957
sigma 0.75 l2reg 1e-10 mae 0.42568099649213575
sigma 0.75 l2reg 1e-07 mae 0.4256810166996976
sigma 0.75 l2reg 0.0001 mae 0.4256954851141215
sigma 1 l2reg 1e-10 mae 0.16125316076651952
sigma 1 l2reg 1e-07 mae 0.16125294964463333
sigma 1 l2reg 0.0001 mae 0.16102356900826376
sigma 1.25 l2reg 1e-10 mae 0.17470703595671555
sigma 1.25 l2reg 1e-07 mae 0.17470843362267008
sigma 1.25 l2reg 0.0001 mae 0.17600974910939815
min mae 0.16102356900826376 for sigma= 1 and l2reg= 0.0001
SML 128 0.16102356900826376
sigma 0.5 l2reg 1e-10 mae 0.9410008734564528
sigma 0.5 l2reg 1e-07 mae 0.9410008805358476
sigma 0.5 l2reg 0.0001 mae 0.9410076520206649
sigma 0.75 l2reg 1e-10 mae 0.5417031190098411
sigma 0.75 l2reg 1e-07 mae 0.5417032175397152
sigma 0.75 l2reg 0.0001 mae 0.541798127670698
sigma 1 l2reg 1e-10 mae 0.2806761399306472
sigma 1 l2reg 1e-07 mae 0.28067620939222504
sigma 1 l2reg 0.0001 mae 0.280783007660502
sigma 1.25 l2reg 1e-10 mae 0.08865998553054144
sigma 1.25 l2reg 1e-07 mae 0.08866090760724976
sigma 1.25 l2reg 0.0001 mae 0.08893406854369434
min mae 0.08865998553054144 for sigma= 1.25 and l2reg= 1e-10
SML 256 0.08865998553054144
sigma 0.5 l2reg 1e-10 mae 1.1221429836498276
sigma 0.5 l2reg 1e-07 mae 1.1221428882771818
sigma 0.5 l2reg 0.0001 mae 1.1220482980740147
sigma 0.75 l2reg 1e-10 mae 0.5462712867636084
sigma 0.75 l2reg 1e-07 mae 0.5462711302382166
sigma 0.75 l2reg 0.0001 mae 0.5461291736035099
sigma 1 l2reg 1e-10 mae 0.20081607161178905
sigma 1 l2reg 1e-07 mae 0.20081559869772914
sigma 1 l2reg 0.0001 mae 0.2005350984643206
sigma 1.25 l2reg 1e-10 mae 0.24893110269074814
sigma 1.25 l2reg 1e-07 mae 0.2489326054390384
sigma 1.25 l2reg 0.0001 mae 0.2489662972550457
min mae 0.2005350984643206 for sigma= 1 and l2reg= 0.0001
SML 512 0.2005350984643206
sigma 0.5 l2reg 1e-10 mae 1.5050005845403822
sigma 0.5 l2reg 1e-07 mae 1.5050003276332609
sigma 0.5 l2reg 0.0001 mae 1.5047462410470311
sigma 0.75 l2reg 1e-10 mae 0.6277949262958193
sigma 0.75 l2reg 1e-07 mae 0.6277946550618614
sigma 0.75 l2reg 0.0001 mae 0.6275268561286529
sigma 1 l2reg 1e-10 mae 0.0002723173586156591
sigma 1 l2reg 1e-07 mae 0.0002714616263128633
sigma 1 l2reg 0.0001 mae 0.0004024094895376251
sigma 1.25 l2reg 1e-10 mae 0.8285384007406273
sigma 1.25 l2reg 1e-07 mae 0.8285365971354404
sigma 1.25 l2reg 0.0001 mae 0.8265183239150682
min mae 0.0002714616263128633 for sigma= 1 and l2reg= 1e-07
SML 1024 0.0002714616263128633
Shuffle training data iter... 1 / 5
sigma 0.5 l2reg 1e-10 mae 0.8226977289120718
sigma 0.5 l2reg 1e-07 mae 0.8226977269569817
sigma 0.5 l2reg 0.0001 mae 0.8226957718846298
sigma 0.75 l2reg 1e-10 mae 0.536880323058055
sigma 0.75 l2reg 1e-07 mae 0.5368803216401454
sigma 0.75 l2reg 0.0001 mae 0.5368789037525901
sigma 1 l2reg 1e-10 mae 0.3557815109070628
sigma 1 l2reg 1e-07 mae 0.3557815115703469
sigma 1 l2reg 0.0001 mae 0.3557821748253942
sigma 1.25 l2reg 1e-10 mae 0.17358486057815536
sigma 1.25 l2reg 1e-07 mae 0.17358486816337315
sigma 1.25 l2reg 0.0001 mae 0.1735924529793782
min mae 0.17358486057815536 for sigma= 1.25 and l2reg= 1e-10
Random 16 0.17358486057815536
sigma 0.5 l2reg 1e-10 mae 0.9961182035732314
sigma 0.5 l2reg 1e-07 mae 0.9961182000817864
sigma 0.5 l2reg 0.0001 mae 0.9961147086727278
sigma 0.75 l2reg 1e-10 mae 0.5768941013204226
sigma 0.75 l2reg 1e-07 mae 0.5768940999366443
sigma 0.75 l2reg 0.0001 mae 0.5768927161677826
sigma 1 l2reg 1e-10 mae 0.35637216444744113
sigma 1 l2reg 1e-07 mae 0.35637216633426694
sigma 1 l2reg 0.0001 mae 0.35637405303300107
sigma 1.25 l2reg 1e-10 mae 0.15177708425063097
sigma 1.25 l2reg 1e-07 mae 0.15177709520869986
sigma 1.25 l2reg 0.0001 mae 0.15178805230432424
min mae 0.15177708425063097 for sigma= 1.25 and l2reg= 1e-10
Random 32 0.15177708425063097
sigma 0.5 l2reg 1e-10 mae 1.0260788895537112
sigma 0.5 l2reg 1e-07 mae 1.0260788861152905
sigma 0.5 l2reg 0.0001 mae 1.0260754477280822
sigma 0.75 l2reg 1e-10 mae 0.5551890810132403
sigma 0.75 l2reg 1e-07 mae 0.5551890789357767
sigma 0.75 l2reg 0.0001 mae 0.5551870015390283
sigma 1 l2reg 1e-10 mae 0.3083704037154871
sigma 1 l2reg 1e-07 mae 0.3083704046773754
sigma 1 l2reg 0.0001 mae 0.3083713665922698
sigma 1.25 l2reg 1e-10 mae 0.10742268166840652
sigma 1.25 l2reg 1e-07 mae 0.10742268804253818
sigma 1.25 l2reg 0.0001 mae 0.10742906231394911
min mae 0.10742268166840652 for sigma= 1.25 and l2reg= 1e-10
Random 64 0.10742268166840652
sigma 0.5 l2reg 1e-10 mae 1.1146398165932652
sigma 0.5 l2reg 1e-07 mae 1.1146398116770373
sigma 0.5 l2reg 0.0001 mae 1.1146348955279155
sigma 0.75 l2reg 1e-10 mae 0.5476015036244428
sigma 0.75 l2reg 1e-07 mae 0.5476015022741594
sigma 0.75 l2reg 0.0001 mae 0.5476001519365763
sigma 1 l2reg 1e-10 mae 0.22722026700180553
sigma 1 l2reg 1e-07 mae 0.22722028071684708
sigma 1 l2reg 0.0001 mae 0.22723399228793895
sigma 1.25 l2reg 1e-10 mae 0.11806034273991894
sigma 1.25 l2reg 1e-07 mae 0.11806025404688736
sigma 1.25 l2reg 0.0001 mae 0.11797161442689674
min mae 0.11797161442689674 for sigma= 1.25 and l2reg= 0.0001
Random 128 0.11797161442689674
sigma 0.5 l2reg 1e-10 mae 1.2184041622627135
sigma 0.5 l2reg 1e-07 mae 1.218404156969659
sigma 0.5 l2reg 0.0001 mae 1.2183988639871726
sigma 0.75 l2reg 1e-10 mae 0.5854589063913727
sigma 0.75 l2reg 1e-07 mae 0.5854588949391952
sigma 0.75 l2reg 0.0001 mae 0.585447443086557
sigma 1 l2reg 1e-10 mae 0.19658520568219373
sigma 1 l2reg 1e-07 mae 0.1965851999462842
sigma 1 l2reg 0.0001 mae 0.19657945278240962
sigma 1.25 l2reg 1e-10 mae 0.24984190960372832
sigma 1.25 l2reg 1e-07 mae 0.24984182876503613
sigma 1.25 l2reg 0.0001 mae 0.24976113057671956
min mae 0.19657945278240962 for sigma= 1 and l2reg= 0.0001
Random 256 0.19657945278240962
sigma 0.5 l2reg 1e-10 mae 1.3301320525219875
sigma 0.5 l2reg 1e-07 mae 1.3301320497054983
sigma 0.5 l2reg 0.0001 mae 1.3301292319128049
sigma 0.75 l2reg 1e-10 mae 0.5553457084227018
sigma 0.75 l2reg 1e-07 mae 0.5553457262404704
sigma 0.75 l2reg 0.0001 mae 0.5553635220631525
sigma 1 l2reg 1e-10 mae 0.1579715890868334
sigma 1 l2reg 1e-07 mae 0.15797156805018542
sigma 1 l2reg 0.0001 mae 0.15795063271192245
sigma 1.25 l2reg 1e-10 mae 0.27463297658020824
sigma 1.25 l2reg 1e-07 mae 0.2746334716587606
sigma 1.25 l2reg 0.0001 mae 0.27512288332273815
min mae 0.15795063271192245 for sigma= 1 and l2reg= 0.0001
Random 512 0.15795063271192245
sigma 0.5 l2reg 1e-10 mae 1.5958968937355449
sigma 0.5 l2reg 1e-07 mae 1.5958968867073322
sigma 0.5 l2reg 0.0001 mae 1.5958898387068254
sigma 0.75 l2reg 1e-10 mae 0.6548295120213075
sigma 0.75 l2reg 1e-07 mae 0.6548295131869137
sigma 0.75 l2reg 0.0001 mae 0.654830710037543
sigma 1 l2reg 1e-10 mae 0.09748822236074428
sigma 1 l2reg 1e-07 mae 0.09748838359710188
sigma 1 l2reg 0.0001 mae 0.09764812359146813
sigma 1.25 l2reg 1e-10 mae 0.5702258361930328
sigma 1.25 l2reg 1e-07 mae 0.5702247863123526
sigma 1.25 l2reg 0.0001 mae 0.5691736957291491
min mae 0.09748822236074428 for sigma= 1 and l2reg= 1e-10
Random 1024 0.09748822236074428
Shuffle training data iter... 2 / 5
sigma 0.5 l2reg 1e-10 mae 0.8069057504392232
sigma 0.5 l2reg 1e-07 mae 0.8069057495555562
sigma 0.5 l2reg 0.0001 mae 0.806904865888302
sigma 0.75 l2reg 1e-10 mae 0.4590357110156864
sigma 0.75 l2reg 1e-07 mae 0.4590357114043775
sigma 0.75 l2reg 0.0001 mae 0.45903610007449447
sigma 1 l2reg 1e-10 mae 0.25358074446076495
sigma 1 l2reg 1e-07 mae 0.25358074695578514
sigma 1 l2reg 0.0001 mae 0.25358324187326264
sigma 1.25 l2reg 1e-10 mae 0.06313783468222223
sigma 1.25 l2reg 1e-07 mae 0.06313784248734322
sigma 1.25 l2reg 0.0001 mae 0.06314564713113935
min mae 0.06313783468222223 for sigma= 1.25 and l2reg= 1e-10
Random 16 0.06313783468222223
sigma 0.5 l2reg 1e-10 mae 0.821250214682358
sigma 0.5 l2reg 1e-07 mae 0.8212502138315307
sigma 0.5 l2reg 0.0001 mae 0.8212493630041721
sigma 0.75 l2reg 1e-10 mae 0.4369058142026936
sigma 0.75 l2reg 1e-07 mae 0.4369058150835001
sigma 0.75 l2reg 0.0001 mae 0.4369066958465182
sigma 1 l2reg 1e-10 mae 0.21219754116738576
sigma 1 l2reg 1e-07 mae 0.21219754413904024
sigma 1 l2reg 0.0001 mae 0.21220051569761766
sigma 1.25 l2reg 1e-10 mae 0.0028327184873155886
sigma 1.25 l2reg 1e-07 mae 0.002832714181373319
sigma 1.25 l2reg 0.0001 mae 0.0028284075578692836
min mae 0.0028284075578692836 for sigma= 1.25 and l2reg= 0.0001
Random 32 0.0028284075578692836
sigma 0.5 l2reg 1e-10 mae 1.0346084610073905
sigma 0.5 l2reg 1e-07 mae 1.0346084574981844
sigma 0.5 l2reg 0.0001 mae 1.0346049483514563
sigma 0.75 l2reg 1e-10 mae 0.5188867837463458
sigma 0.75 l2reg 1e-07 mae 0.518886782734773
sigma 0.75 l2reg 0.0001 mae 0.5188857711279349
sigma 1 l2reg 1e-10 mae 0.2554027340156195
sigma 1 l2reg 1e-07 mae 0.25540273828068694
sigma 1 l2reg 0.0001 mae 0.25540700216311807
sigma 1.25 l2reg 1e-10 mae 0.06621361980088114
sigma 1.25 l2reg 1e-07 mae 0.06621363830841265
sigma 1.25 l2reg 0.0001 mae 0.06623213852046295
min mae 0.06621361980088114 for sigma= 1.25 and l2reg= 1e-10
Random 64 0.06621361980088114
sigma 0.5 l2reg 1e-10 mae 1.107779546788376
sigma 0.5 l2reg 1e-07 mae 1.1077795432667585
sigma 0.5 l2reg 0.0001 mae 1.1077760216599237
sigma 0.75 l2reg 1e-10 mae 0.4977732358333471
sigma 0.75 l2reg 1e-07 mae 0.49777323534654094
sigma 0.75 l2reg 0.0001 mae 0.49777274825411855
sigma 1 l2reg 1e-10 mae 0.223413529620208
sigma 1 l2reg 1e-07 mae 0.22341352148678162
sigma 1 l2reg 0.0001 mae 0.22340539277559035
sigma 1.25 l2reg 1e-10 mae 0.044415828025649695
sigma 1.25 l2reg 1e-07 mae 0.044415745481205526
sigma 1.25 l2reg 0.0001 mae 0.04433330650601697
min mae 0.04433330650601697 for sigma= 1.25 and l2reg= 0.0001
Random 128 0.04433330650601697
sigma 0.5 l2reg 1e-10 mae 1.2239239833246711
sigma 0.5 l2reg 1e-07 mae 1.223923976848273
sigma 0.5 l2reg 0.0001 mae 1.2239175005427305
sigma 0.75 l2reg 1e-10 mae 0.5412214891467402
sigma 0.75 l2reg 1e-07 mae 0.5412214856979731
sigma 0.75 l2reg 0.0001 mae 0.5412180362966703
sigma 1 l2reg 1e-10 mae 0.1547791832416232
sigma 1 l2reg 1e-07 mae 0.1547791776797771
sigma 1 l2reg 0.0001 mae 0.15477361961159364
sigma 1.25 l2reg 1e-10 mae 0.1763105880173912
sigma 1.25 l2reg 1e-07 mae 0.176310695675153
sigma 1.25 l2reg 0.0001 mae 0.1764182318647025
min mae 0.15477361961159364 for sigma= 1 and l2reg= 0.0001
Random 256 0.15477361961159364
sigma 0.5 l2reg 1e-10 mae 1.432771153818442
sigma 0.5 l2reg 1e-07 mae 1.4327711527812013
sigma 0.5 l2reg 0.0001 mae 1.432770113648144
sigma 0.75 l2reg 1e-10 mae 0.5856115536372153
sigma 0.75 l2reg 1e-07 mae 0.5856115871763174
sigma 0.75 l2reg 0.0001 mae 0.5856450870645551
sigma 1 l2reg 1e-10 mae 0.16060934513951164
sigma 1 l2reg 1e-07 mae 0.16060939657771822
sigma 1 l2reg 0.0001 mae 0.16066064053968798
sigma 1.25 l2reg 1e-10 mae 0.19248539305942192
sigma 1.25 l2reg 1e-07 mae 0.19248547838498897
sigma 1.25 l2reg 0.0001 mae 0.19257064052458706
min mae 0.16060934513951164 for sigma= 1 and l2reg= 1e-10
Random 512 0.16060934513951164
sigma 0.5 l2reg 1e-10 mae 1.6235815166991925
sigma 0.5 l2reg 1e-07 mae 1.6235815211006086
sigma 0.5 l2reg 0.0001 mae 1.6235859141796576
sigma 0.75 l2reg 1e-10 mae 0.6396779524662923
sigma 0.75 l2reg 1e-07 mae 0.6396780265677355
sigma 0.75 l2reg 0.0001 mae 0.6397520407064539
sigma 1 l2reg 1e-10 mae 0.13367327841083831
sigma 1 l2reg 1e-07 mae 0.13367335257552693
sigma 1 l2reg 0.0001 mae 0.13374713521417814
sigma 1.25 l2reg 1e-10 mae 0.27762956198697086
sigma 1.25 l2reg 1e-07 mae 0.2776295860378193
sigma 1.25 l2reg 0.0001 mae 0.27767400624421246
min mae 0.13367327841083831 for sigma= 1 and l2reg= 1e-10
Random 1024 0.13367327841083831
Shuffle training data iter... 3 / 5
sigma 0.5 l2reg 1e-10 mae 0.7887342214797761
sigma 0.5 l2reg 1e-07 mae 0.7887342195616922
sigma 0.5 l2reg 0.0001 mae 0.7887323015078962
sigma 0.75 l2reg 1e-10 mae 0.5205408797918699
sigma 0.75 l2reg 1e-07 mae 0.5205408782201235
sigma 0.75 l2reg 0.0001 mae 0.5205393065165673
sigma 1 l2reg 1e-10 mae 0.37875345324902804
sigma 1 l2reg 1e-07 mae 0.37875345233684865
sigma 1 l2reg 0.0001 mae 0.37875254020601345
sigma 1.25 l2reg 1e-10 mae 0.24753350851495629
sigma 1.25 l2reg 1e-07 mae 0.2475335099493846
sigma 1.25 l2reg 0.0001 mae 0.24753494437102402
min mae 0.24753350851495629 for sigma= 1.25 and l2reg= 1e-10
Random 16 0.24753350851495629
sigma 0.5 l2reg 1e-10 mae 0.8769326266056824
sigma 0.5 l2reg 1e-07 mae 0.8769326249821898
sigma 0.5 l2reg 0.0001 mae 0.8769310015041807
sigma 0.75 l2reg 1e-10 mae 0.5171563197258731
sigma 0.75 l2reg 1e-07 mae 0.5171563195839266
sigma 0.75 l2reg 0.0001 mae 0.5171561776314513
sigma 1 l2reg 1e-10 mae 0.3391316337585364
sigma 1 l2reg 1e-07 mae 0.33913163620523257
sigma 1 l2reg 0.0001 mae 0.33913408277200086
sigma 1.25 l2reg 1e-10 mae 0.17991254224119002
sigma 1.25 l2reg 1e-07 mae 0.17991255157865949
sigma 1.25 l2reg 0.0001 mae 0.179921888226386
min mae 0.17991254224119002 for sigma= 1.25 and l2reg= 1e-10
Random 32 0.17991254224119002
sigma 0.5 l2reg 1e-10 mae 0.8579049820089889
sigma 0.5 l2reg 1e-07 mae 0.8579049819042451
sigma 0.5 l2reg 0.0001 mae 0.8579048771395356
sigma 0.75 l2reg 1e-10 mae 0.3932071091544811
sigma 0.75 l2reg 1e-07 mae 0.39320711254340757
sigma 0.75 l2reg 0.0001 mae 0.3932105013028169
sigma 1 l2reg 1e-10 mae 0.17199420212125016
sigma 1 l2reg 1e-07 mae 0.17199420929191556
sigma 1 l2reg 0.0001 mae 0.17200137913033764
sigma 1.25 l2reg 1e-10 mae 0.0017927018439651832
sigma 1.25 l2reg 1e-07 mae 0.0017926867971009841
sigma 1.25 l2reg 0.0001 mae 0.0017776458022495945
min mae 0.0017776458022495945 for sigma= 1.25 and l2reg= 0.0001
Random 64 0.0017776458022495945
sigma 0.5 l2reg 1e-10 mae 0.9439180969877983
sigma 0.5 l2reg 1e-07 mae 0.9439180962559843
sigma 0.5 l2reg 0.0001 mae 0.943917364429665
sigma 0.75 l2reg 1e-10 mae 0.4186241635549104
sigma 0.75 l2reg 1e-07 mae 0.41862416822697845
sigma 0.75 l2reg 0.0001 mae 0.41862883990515254
sigma 1 l2reg 1e-10 mae 0.18375663625171956
sigma 1 l2reg 1e-07 mae 0.18375664367139688
sigma 1 l2reg 0.0001 mae 0.18376406115993316
sigma 1.25 l2reg 1e-10 mae 0.023166891650228116
sigma 1.25 l2reg 1e-07 mae 0.023166886482834492
sigma 1.25 l2reg 0.0001 mae 0.023161722769743598
min mae 0.023161722769743598 for sigma= 1.25 and l2reg= 0.0001
Random 128 0.023161722769743598
sigma 0.5 l2reg 1e-10 mae 1.096191444675227
sigma 0.5 l2reg 1e-07 mae 1.0961914371347465
sigma 0.5 l2reg 0.0001 mae 1.0961838971454174
sigma 0.75 l2reg 1e-10 mae 0.48732114509511426
sigma 0.75 l2reg 1e-07 mae 0.4873211322322888
sigma 0.75 l2reg 0.0001 mae 0.4873082740583037
sigma 1 l2reg 1e-10 mae 0.18336678287413033
sigma 1 l2reg 1e-07 mae 0.18336677941392576
sigma 1 l2reg 0.0001 mae 0.18336331291741015
sigma 1.25 l2reg 1e-10 mae 0.11202102454566454
sigma 1.25 l2reg 1e-07 mae 0.11202100159404349
sigma 1.25 l2reg 0.0001 mae 0.11199820333766031
min mae 0.11199820333766031 for sigma= 1.25 and l2reg= 0.0001
Random 256 0.11199820333766031
sigma 0.5 l2reg 1e-10 mae 1.3266500621011232
sigma 0.5 l2reg 1e-07 mae 1.3266500390207687
sigma 0.5 l2reg 0.0001 mae 1.3266269618186426
sigma 0.75 l2reg 1e-10 mae 0.5795279745278306
sigma 0.75 l2reg 1e-07 mae 0.5795279468465528
sigma 0.75 l2reg 0.0001 mae 0.579500281097876
sigma 1 l2reg 1e-10 mae 0.1663067610906941
sigma 1 l2reg 1e-07 mae 0.16630673174485278
sigma 1 l2reg 0.0001 mae 0.1662776101123553
sigma 1.25 l2reg 1e-10 mae 0.14273137936943048
sigma 1.25 l2reg 1e-07 mae 0.14273203918405475
sigma 1.25 l2reg 0.0001 mae 0.14338411516112348
min mae 0.14273137936943048 for sigma= 1.25 and l2reg= 1e-10
Random 512 0.14273137936943048
sigma 0.5 l2reg 1e-10 mae 1.6865814815781182
sigma 0.5 l2reg 1e-07 mae 1.6865814474918137
sigma 0.5 l2reg 0.0001 mae 1.686547366712202
sigma 0.75 l2reg 1e-10 mae 0.7081796739827579
sigma 0.75 l2reg 1e-07 mae 0.7081796714163273
sigma 0.75 l2reg 0.0001 mae 0.7081769509119757
sigma 1 l2reg 1e-10 mae 0.1387773371098424
sigma 1 l2reg 1e-07 mae 0.13877744761871025
sigma 1 l2reg 0.0001 mae 0.1388863665523088
sigma 1.25 l2reg 1e-10 mae 0.2652902306901135
sigma 1.25 l2reg 1e-07 mae 0.26529005899681213
sigma 1.25 l2reg 0.0001 mae 0.26512593227230585
min mae 0.1387773371098424 for sigma= 1 and l2reg= 1e-10
Random 1024 0.1387773371098424
Shuffle training data iter... 4 / 5
sigma 0.5 l2reg 1e-10 mae 0.7664481701431816
sigma 0.5 l2reg 1e-07 mae 0.7664481684816804
sigma 0.5 l2reg 0.0001 mae 0.7664465070034853
sigma 0.75 l2reg 1e-10 mae 0.48685389508913574
sigma 0.75 l2reg 1e-07 mae 0.4868538936628431
sigma 0.75 l2reg 0.0001 mae 0.48685246742196947
sigma 1 l2reg 1e-10 mae 0.35627619238567865
sigma 1 l2reg 1e-07 mae 0.35627619203145044
sigma 1 l2reg 0.0001 mae 0.35627583783727024
sigma 1.25 l2reg 1e-10 mae 0.2668426794291804
sigma 1.25 l2reg 1e-07 mae 0.26684268272812905
sigma 1.25 l2reg 0.0001 mae 0.2668459812167915
min mae 0.2668426794291804 for sigma= 1.25 and l2reg= 1e-10
Random 16 0.2668426794291804
sigma 0.5 l2reg 1e-10 mae 0.9088259193725927
sigma 0.5 l2reg 1e-07 mae 0.9088259171276638
sigma 0.5 l2reg 0.0001 mae 0.908823672220856
sigma 0.75 l2reg 1e-10 mae 0.5131739861335833
sigma 0.75 l2reg 1e-07 mae 0.5131739850974708
sigma 0.75 l2reg 0.0001 mae 0.5131729490048107
sigma 1 l2reg 1e-10 mae 0.3077032928022425
sigma 1 l2reg 1e-07 mae 0.3077032951761196
sigma 1 l2reg 0.0001 mae 0.307705668868802
sigma 1.25 l2reg 1e-10 mae 0.11084049564423992
sigma 1.25 l2reg 1e-07 mae 0.1108405115729223
sigma 1.25 l2reg 0.0001 mae 0.11085643806235179
min mae 0.11084049564423992 for sigma= 1.25 and l2reg= 1e-10
Random 32 0.11084049564423992
sigma 0.5 l2reg 1e-10 mae 0.8153096184043969
sigma 0.5 l2reg 1e-07 mae 0.8153096167978222
sigma 0.5 l2reg 0.0001 mae 0.8153080102508907
sigma 0.75 l2reg 1e-10 mae 0.41182998199785326
sigma 0.75 l2reg 1e-07 mae 0.4118299823180762
sigma 0.75 l2reg 0.0001 mae 0.41183030252726827
sigma 1 l2reg 1e-10 mae 0.2164752794854956
sigma 1 l2reg 1e-07 mae 0.2164752820569129
sigma 1 l2reg 0.0001 mae 0.2164778535518277
sigma 1.25 l2reg 1e-10 mae 0.07214446091387305
sigma 1.25 l2reg 1e-07 mae 0.0721444642101714
sigma 1.25 l2reg 0.0001 mae 0.07214776335249162
min mae 0.07214446091387305 for sigma= 1.25 and l2reg= 1e-10
Random 64 0.07214446091387305
sigma 0.5 l2reg 1e-10 mae 0.9212776065593133
sigma 0.5 l2reg 1e-07 mae 0.921277604143675
sigma 0.5 l2reg 0.0001 mae 0.9212751886505961
sigma 0.75 l2reg 1e-10 mae 0.3997341218974553
sigma 0.75 l2reg 1e-07 mae 0.39973411881335696
sigma 0.75 l2reg 0.0001 mae 0.3997310358971218
sigma 1 l2reg 1e-10 mae 0.14486099353718185
sigma 1 l2reg 1e-07 mae 0.1448610022098027
sigma 1 l2reg 0.0001 mae 0.14486967226986103
sigma 1.25 l2reg 1e-10 mae 0.0646156408406684
sigma 1.25 l2reg 1e-07 mae 0.0646155275895941
sigma 1.25 l2reg 0.0001 mae 0.06450242944313711
min mae 0.06450242944313711 for sigma= 1.25 and l2reg= 0.0001
Random 128 0.06450242944313711
sigma 0.5 l2reg 1e-10 mae 1.058709421247867
sigma 0.5 l2reg 1e-07 mae 1.05870941484552
sigma 0.5 l2reg 0.0001 mae 1.0587030128698165
sigma 0.75 l2reg 1e-10 mae 0.4386376312701352
sigma 0.75 l2reg 1e-07 mae 0.43863762147741203
sigma 0.75 l2reg 0.0001 mae 0.43862783175886444
sigma 1 l2reg 1e-10 mae 0.11102350666041527
sigma 1 l2reg 1e-07 mae 0.11102351931721177
sigma 1 l2reg 0.0001 mae 0.1110361724365152
sigma 1.25 l2reg 1e-10 mae 0.23576728751009757
sigma 1.25 l2reg 1e-07 mae 0.23576709970089826
sigma 1.25 l2reg 0.0001 mae 0.23557949967058267
min mae 0.11102350666041527 for sigma= 1 and l2reg= 1e-10
Random 256 0.11102350666041527
sigma 0.5 l2reg 1e-10 mae 1.4256423233985203
sigma 0.5 l2reg 1e-07 mae 1.425642307171918
sigma 0.5 l2reg 0.0001 mae 1.4256260821129088
sigma 0.75 l2reg 1e-10 mae 0.5962000136149674
sigma 0.75 l2reg 1e-07 mae 0.5962000146019255
sigma 0.75 l2reg 0.0001 mae 0.5962009812958167
sigma 1 l2reg 1e-10 mae 0.1162916540151846
sigma 1 l2reg 1e-07 mae 0.11629168280007018
sigma 1 l2reg 0.0001 mae 0.11632028669288541
sigma 1.25 l2reg 1e-10 mae 0.3274277170932445
sigma 1.25 l2reg 1e-07 mae 0.32742802946462835
sigma 1.25 l2reg 0.0001 mae 0.32773946794114384
min mae 0.1162916540151846 for sigma= 1 and l2reg= 1e-10
Random 512 0.1162916540151846
sigma 0.5 l2reg 1e-10 mae 1.5818693689958883
sigma 0.5 l2reg 1e-07 mae 1.581869351359054
sigma 0.5 l2reg 0.0001 mae 1.5818517266237206
sigma 0.75 l2reg 1e-10 mae 0.5941833160954593
sigma 0.75 l2reg 1e-07 mae 0.5941833404993799
sigma 0.75 l2reg 0.0001 mae 0.5942078302825413
sigma 1 l2reg 1e-10 mae 0.12691454772993804
sigma 1 l2reg 1e-07 mae 0.12691461340907662
sigma 1 l2reg 0.0001 mae 0.12697954041576676
sigma 1.25 l2reg 1e-10 mae 0.17411071309095494
sigma 1.25 l2reg 1e-07 mae 0.174110668972717
sigma 1.25 l2reg 0.0001 mae 0.17410798578960485
min mae 0.12691454772993804 for sigma= 1 and l2reg= 1e-10
Random 1024 0.12691454772993804
Shuffle training data iter... 5 / 5
sigma 0.5 l2reg 1e-10 mae 0.8597671596954326
sigma 0.5 l2reg 1e-07 mae 0.8597671580531694
sigma 0.5 l2reg 0.0001 mae 0.8597655157989074
sigma 0.75 l2reg 1e-10 mae 0.5335995391510737
sigma 0.75 l2reg 1e-07 mae 0.5335995385523133
sigma 0.75 l2reg 0.0001 mae 0.53359893979485
sigma 1 l2reg 1e-10 mae 0.3394673031475671
sigma 1 l2reg 1e-07 mae 0.3394673034087415
sigma 1 l2reg 0.0001 mae 0.3394675645852152
sigma 1.25 l2reg 1e-10 mae 0.15806629148804463
sigma 1.25 l2reg 1e-07 mae 0.1580662942404344
sigma 1.25 l2reg 0.0001 mae 0.1580690465840029
min mae 0.15806629148804463 for sigma= 1.25 and l2reg= 1e-10
Random 16 0.15806629148804463
sigma 0.5 l2reg 1e-10 mae 0.8560185048710913
sigma 0.5 l2reg 1e-07 mae 0.8560185020334283
sigma 0.5 l2reg 0.0001 mae 0.8560156644254038
sigma 0.75 l2reg 1e-10 mae 0.46144487262755307
sigma 0.75 l2reg 1e-07 mae 0.461444870920408
sigma 0.75 l2reg 0.0001 mae 0.4614431638905665
sigma 1 l2reg 1e-10 mae 0.16420038051324237
sigma 1 l2reg 1e-07 mae 0.16420038529690295
sigma 1 l2reg 0.0001 mae 0.1642051688176256
sigma 1.25 l2reg 1e-10 mae 0.16728889000147884
sigma 1.25 l2reg 1e-07 mae 0.16728886321078473
sigma 1.25 l2reg 0.0001 mae 0.16726207544191407
min mae 0.16420038051324237 for sigma= 1 and l2reg= 1e-10
Random 32 0.16420038051324237
sigma 0.5 l2reg 1e-10 mae 0.9371290460828314
sigma 0.5 l2reg 1e-07 mae 0.9371290410216528
sigma 0.5 l2reg 0.0001 mae 0.9371239799806386
sigma 0.75 l2reg 1e-10 mae 0.4831740031983367
sigma 0.75 l2reg 1e-07 mae 0.4831739983295442
sigma 0.75 l2reg 0.0001 mae 0.4831691299746055
sigma 1 l2reg 1e-10 mae 0.14767049329372117
sigma 1 l2reg 1e-07 mae 0.14767049508423913
sigma 1 l2reg 0.0001 mae 0.14767228631092078
sigma 1.25 l2reg 1e-10 mae 0.23617119407435982
sigma 1.25 l2reg 1e-07 mae 0.2361711575832386
sigma 1.25 l2reg 0.0001 mae 0.23613467257346787
min mae 0.14767049329372117 for sigma= 1 and l2reg= 1e-10
Random 64 0.14767049329372117
sigma 0.5 l2reg 1e-10 mae 0.9217530527175292
sigma 0.5 l2reg 1e-07 mae 0.9217530507148594
sigma 0.5 l2reg 0.0001 mae 0.9217510480097311
sigma 0.75 l2reg 1e-10 mae 0.44151857496303437
sigma 0.75 l2reg 1e-07 mae 0.441518573906277
sigma 0.75 l2reg 0.0001 mae 0.4415175176346575
sigma 1 l2reg 1e-10 mae 0.15069575834955362
sigma 1 l2reg 1e-07 mae 0.15069576232698978
sigma 1 l2reg 0.0001 mae 0.15069974209298298
sigma 1.25 l2reg 1e-10 mae 0.17726239848028857
sigma 1.25 l2reg 1e-07 mae 0.17726232815210263
sigma 1.25 l2reg 0.0001 mae 0.17719206194924908
min mae 0.15069575834955362 for sigma= 1 and l2reg= 1e-10
Random 128 0.15069575834955362
sigma 0.5 l2reg 1e-10 mae 1.1215271412191843
sigma 0.5 l2reg 1e-07 mae 1.1215271421011117
sigma 0.5 l2reg 0.0001 mae 1.121528023042747
sigma 0.75 l2reg 1e-10 mae 0.4836048315784205
sigma 0.75 l2reg 1e-07 mae 0.4836048431671869
sigma 0.75 l2reg 0.0001 mae 0.4836164180121707
sigma 1 l2reg 1e-10 mae 0.15180567112968646
sigma 1 l2reg 1e-07 mae 0.15180568255162896
sigma 1 l2reg 0.0001 mae 0.15181707305446235
sigma 1.25 l2reg 1e-10 mae 0.1926202625028255
sigma 1.25 l2reg 1e-07 mae 0.19262027419489858
sigma 1.25 l2reg 0.0001 mae 0.19263127013915327
min mae 0.15180567112968646 for sigma= 1 and l2reg= 1e-10
Random 256 0.15180567112968646
sigma 0.5 l2reg 1e-10 mae 1.3978062526720523
sigma 0.5 l2reg 1e-07 mae 1.3978062416250587
sigma 0.5 l2reg 0.0001 mae 1.3977951970764693
sigma 0.75 l2reg 1e-10 mae 0.5381749772520505
sigma 0.75 l2reg 1e-07 mae 0.5381749856544777
sigma 0.75 l2reg 0.0001 mae 0.5381833845552491
sigma 1 l2reg 1e-10 mae 0.13671480854583162
sigma 1 l2reg 1e-07 mae 0.13671483893155223
sigma 1 l2reg 0.0001 mae 0.1367450637709302
sigma 1.25 l2reg 1e-10 mae 0.06780411271523779
sigma 1.25 l2reg 1e-07 mae 0.06780451222354689
sigma 1.25 l2reg 0.0001 mae 0.06820277563218813
min mae 0.06780411271523779 for sigma= 1.25 and l2reg= 1e-10
Random 512 0.06780411271523779
sigma 0.5 l2reg 1e-10 mae 1.7061723792382617
sigma 0.5 l2reg 1e-07 mae 1.7061723424155568
sigma 0.5 l2reg 0.0001 mae 1.706135531328802
sigma 0.75 l2reg 1e-10 mae 0.6203785667444697
sigma 0.75 l2reg 1e-07 mae 0.6203785269585458
sigma 0.75 l2reg 0.0001 mae 0.6203388732614874
sigma 1 l2reg 1e-10 mae 0.09778946724436022
sigma 1 l2reg 1e-07 mae 0.0977895879314934
sigma 1 l2reg 0.0001 mae 0.09790959652883569
sigma 1.25 l2reg 1e-10 mae 0.2627342221900344
sigma 1.25 l2reg 1e-07 mae 0.2627332513781093
sigma 1.25 l2reg 0.0001 mae 0.2617779895407333
min mae 0.09778946724436022 for sigma= 1 and l2reg= 1e-10
Random 1024 0.09778946724436022
Target: penicillin.xyz
sigma 0.5 l2reg 1e-10 mae 0.7083007156387933
sigma 0.5 l2reg 1e-07 mae 0.7083007087865758
sigma 0.5 l2reg 0.0001 mae 0.7082938581145352
sigma 0.75 l2reg 1e-10 mae 0.49775299024420333
sigma 0.75 l2reg 1e-07 mae 0.4977529823464219
sigma 0.75 l2reg 0.0001 mae 0.49774509196652794
sigma 1 l2reg 1e-10 mae 0.38504112133235
sigma 1 l2reg 1e-07 mae 0.38504111036180955
sigma 1 l2reg 0.0001 mae 0.38503016198517276
sigma 1.25 l2reg 1e-10 mae 0.33234127027270355
sigma 1.25 l2reg 1e-07 mae 0.33234125485339283
sigma 1.25 l2reg 0.0001 mae 0.33232587565602023
min mae 0.33232587565602023 for sigma= 1.25 and l2reg= 0.0001
SML 16 0.33232587565602023
sigma 0.5 l2reg 1e-10 mae 0.589572348092372
sigma 0.5 l2reg 1e-07 mae 0.5895723486127186
sigma 0.5 l2reg 0.0001 mae 0.5895728674692937
sigma 0.75 l2reg 1e-10 mae 0.3218634388535103
sigma 0.75 l2reg 1e-07 mae 0.321863445175391
sigma 0.75 l2reg 0.0001 mae 0.3218697358298367
sigma 1 l2reg 1e-10 mae 0.17413784845885782
sigma 1 l2reg 1e-07 mae 0.17413785495727496
sigma 1 l2reg 0.0001 mae 0.17414419829179262
sigma 1.25 l2reg 1e-10 mae 0.07593600602954709
sigma 1.25 l2reg 1e-07 mae 0.07593600199746176
sigma 1.25 l2reg 0.0001 mae 0.07593125914573884
min mae 0.07593125914573884 for sigma= 1.25 and l2reg= 0.0001
SML 32 0.07593125914573884
sigma 0.5 l2reg 1e-10 mae 0.4805499988781188
sigma 0.5 l2reg 1e-07 mae 0.48055003674291963
sigma 0.5 l2reg 0.0001 mae 0.4805874638734784
sigma 0.75 l2reg 1e-10 mae 0.2115166210306958
sigma 0.75 l2reg 1e-07 mae 0.21151683138293187
sigma 0.75 l2reg 0.0001 mae 0.21171895587954115
sigma 1 l2reg 1e-10 mae 0.0034837407390773123
sigma 1 l2reg 1e-07 mae 0.0034843778482871457
sigma 1 l2reg 0.0001 mae 0.004060657717984917
sigma 1.25 l2reg 1e-10 mae 0.23272415875686736
sigma 1.25 l2reg 1e-07 mae 0.23272201278026206
sigma 1.25 l2reg 0.0001 mae 0.23093767426362266
min mae 0.0034837407390773123 for sigma= 1 and l2reg= 1e-10
SML 64 0.0034837407390773123
sigma 0.5 l2reg 1e-10 mae 0.6932628300608752
sigma 0.5 l2reg 1e-07 mae 0.6932628059291466
sigma 0.5 l2reg 0.0001 mae 0.6932387237660289
sigma 0.75 l2reg 1e-10 mae 0.33783696767874805
sigma 0.75 l2reg 1e-07 mae 0.3378368545804449
sigma 0.75 l2reg 0.0001 mae 0.33772576372912155
sigma 1 l2reg 1e-10 mae 0.0860011914776555
sigma 1 l2reg 1e-07 mae 0.08600059606831767
sigma 1 l2reg 0.0001 mae 0.08545467257667472
sigma 1.25 l2reg 1e-10 mae 0.2394140849130162
sigma 1.25 l2reg 1e-07 mae 0.23941617201768484
sigma 1.25 l2reg 0.0001 mae 0.24105461784017823
min mae 0.08545467257667472 for sigma= 1 and l2reg= 0.0001
SML 128 0.08545467257667472
sigma 0.5 l2reg 1e-10 mae 0.7377818584953046
sigma 0.5 l2reg 1e-07 mae 0.7377818420251625
sigma 0.5 l2reg 0.0001 mae 0.7377652557848347
sigma 0.75 l2reg 1e-10 mae 0.39662272798482956
sigma 0.75 l2reg 1e-07 mae 0.3966226619113895
sigma 0.75 l2reg 0.0001 mae 0.39655687605251533
sigma 1 l2reg 1e-10 mae 0.19140696062133866
sigma 1 l2reg 1e-07 mae 0.19140661799223846
sigma 1 l2reg 0.0001 mae 0.191095361063506
sigma 1.25 l2reg 1e-10 mae 0.07051135823595178
sigma 1.25 l2reg 1e-07 mae 0.07051360494313474
sigma 1.25 l2reg 0.0001 mae 0.07230808790359777
min mae 0.07051135823595178 for sigma= 1.25 and l2reg= 1e-10
SML 256 0.07051135823595178
sigma 0.5 l2reg 1e-10 mae 0.8448635629561769
sigma 0.5 l2reg 1e-07 mae 0.8448635058235672
sigma 0.5 l2reg 0.0001 mae 0.8448067805277466
sigma 0.75 l2reg 1e-10 mae 0.38494432793701616
sigma 0.75 l2reg 1e-07 mae 0.3849443243549464
sigma 0.75 l2reg 0.0001 mae 0.3849400058004937
sigma 1 l2reg 1e-10 mae 0.09366565555322648
sigma 1 l2reg 1e-07 mae 0.09366574680157225
sigma 1 l2reg 0.0001 mae 0.09377740384183664
sigma 1.25 l2reg 1e-10 mae 0.31379287079834217
sigma 1.25 l2reg 1e-07 mae 0.31379323162000095
sigma 1.25 l2reg 0.0001 mae 0.3134857652457699
min mae 0.09366565555322648 for sigma= 1 and l2reg= 1e-10
SML 512 0.09366565555322648
sigma 0.5 l2reg 1e-10 mae 1.2393382355011822
sigma 0.5 l2reg 1e-07 mae 1.2393380579481663
sigma 0.5 l2reg 0.0001 mae 1.239162169862861
sigma 0.75 l2reg 1e-10 mae 0.5528774849666531
sigma 0.75 l2reg 1e-07 mae 0.5528772876914116
sigma 0.75 l2reg 0.0001 mae 0.5526766955902529
sigma 1 l2reg 1e-10 mae 0.04777875774551443
sigma 1 l2reg 1e-07 mae 0.0477789882141435
sigma 1 l2reg 0.0001 mae 0.047950049444419385
sigma 1.25 l2reg 1e-10 mae 0.638955516272877
sigma 1.25 l2reg 1e-07 mae 0.6389599770542604
sigma 1.25 l2reg 0.0001 mae 0.6410564833717745
min mae 0.04777875774551443 for sigma= 1 and l2reg= 1e-10
SML 1024 0.04777875774551443
Shuffle training data iter... 1 / 5
sigma 0.5 l2reg 1e-10 mae 0.6089657582404961
sigma 0.5 l2reg 1e-07 mae 0.6089657567841129
sigma 0.5 l2reg 0.0001 mae 0.608964300413279
sigma 0.75 l2reg 1e-10 mae 0.39480703762845604
sigma 0.75 l2reg 1e-07 mae 0.3948070368005805
sigma 0.75 l2reg 0.0001 mae 0.39480620893469687
sigma 1 l2reg 1e-10 mae 0.26121041993207816
sigma 1 l2reg 1e-07 mae 0.2612104210116013
sigma 1 l2reg 0.0001 mae 0.26121150049357755
sigma 1.25 l2reg 1e-10 mae 0.13394640719716033
sigma 1.25 l2reg 1e-07 mae 0.1339464137148081
sigma 1.25 l2reg 0.0001 mae 0.13395293103048944
min mae 0.13394640719716033 for sigma= 1.25 and l2reg= 1e-10
Random 16 0.13394640719716033
sigma 0.5 l2reg 1e-10 mae 0.7510562221276212
sigma 0.5 l2reg 1e-07 mae 0.7510562191958087
sigma 0.5 l2reg 0.0001 mae 0.7510532874148664
sigma 0.75 l2reg 1e-10 mae 0.42515321095334513
sigma 0.75 l2reg 1e-07 mae 0.4251532097377403
sigma 0.75 l2reg 0.0001 mae 0.42515199414508276
sigma 1 l2reg 1e-10 mae 0.24583278542300446
sigma 1 l2reg 1e-07 mae 0.24583278741980896
sigma 1 l2reg 0.0001 mae 0.2458347841059707
sigma 1.25 l2reg 1e-10 mae 0.07448854930250626
sigma 1.25 l2reg 1e-07 mae 0.07448856110705226
sigma 1.25 l2reg 0.0001 mae 0.07450036460703635
min mae 0.07448854930250626 for sigma= 1.25 and l2reg= 1e-10
Random 32 0.07448854930250626
sigma 0.5 l2reg 1e-10 mae 0.7754956420816413
sigma 0.5 l2reg 1e-07 mae 0.7754956397322653
sigma 0.5 l2reg 0.0001 mae 0.7754932903708437
sigma 0.75 l2reg 1e-10 mae 0.4070984144562948
sigma 0.75 l2reg 1e-07 mae 0.40709841370244193
sigma 0.75 l2reg 0.0001 mae 0.407097659827234
sigma 1 l2reg 1e-10 mae 0.20317571143722568
sigma 1 l2reg 1e-07 mae 0.20317571422350178
sigma 1 l2reg 0.0001 mae 0.20317850019672323
sigma 1.25 l2reg 1e-10 mae 0.02108208686882551
sigma 1.25 l2reg 1e-07 mae 0.021082097608284833
sigma 1.25 l2reg 0.0001 mae 0.02109283576013321
min mae 0.02108208686882551 for sigma= 1.25 and l2reg= 1e-10
Random 64 0.02108208686882551
sigma 0.5 l2reg 1e-10 mae 0.8519342126481071
sigma 0.5 l2reg 1e-07 mae 0.8519342091076372
sigma 0.5 l2reg 0.0001 mae 0.8519306686836616
sigma 0.75 l2reg 1e-10 mae 0.4093578701750267
sigma 0.75 l2reg 1e-07 mae 0.409357868718093
sigma 0.75 l2reg 0.0001 mae 0.40935641185495175
sigma 1 l2reg 1e-10 mae 0.1597842478710092
sigma 1 l2reg 1e-07 mae 0.1597842542121226
sigma 1 l2reg 0.0001 mae 0.15979059432921083
sigma 1.25 l2reg 1e-10 mae 0.10590221974606795
sigma 1.25 l2reg 1e-07 mae 0.1059021679556631
sigma 1.25 l2reg 0.0001 mae 0.10585040378664434
min mae 0.10585040378664434 for sigma= 1.25 and l2reg= 0.0001
Random 128 0.10585040378664434
sigma 0.5 l2reg 1e-10 mae 0.9316298091034219
sigma 0.5 l2reg 1e-07 mae 0.9316298051486591
sigma 0.5 l2reg 0.0001 mae 0.9316258504355763
sigma 0.75 l2reg 1e-10 mae 0.4346400218472164
sigma 0.75 l2reg 1e-07 mae 0.43464001416087417
sigma 0.75 l2reg 0.0001 mae 0.4346323279648652
sigma 1 l2reg 1e-10 mae 0.1129831822012708
sigma 1 l2reg 1e-07 mae 0.11298318736854718
sigma 1 l2reg 0.0001 mae 0.11298834599435015
sigma 1.25 l2reg 1e-10 mae 0.2694508457031999
sigma 1.25 l2reg 1e-07 mae 0.26945074625004484
sigma 1.25 l2reg 0.0001 mae 0.2693513780162293
min mae 0.1129831822012708 for sigma= 1 and l2reg= 1e-10
Random 256 0.1129831822012708
sigma 0.5 l2reg 1e-10 mae 1.024119134105022
sigma 0.5 l2reg 1e-07 mae 1.024119131060563
sigma 0.5 l2reg 0.0001 mae 1.0241160857427465
sigma 0.75 l2reg 1e-10 mae 0.4209883422403413
sigma 0.75 l2reg 1e-07 mae 0.4209883596383994
sigma 0.75 l2reg 0.0001 mae 0.4210057356310264
sigma 1 l2reg 1e-10 mae 0.09044044555845243
sigma 1 l2reg 1e-07 mae 0.09044045294277492
sigma 1 l2reg 0.0001 mae 0.09044786373062674
sigma 1.25 l2reg 1e-10 mae 0.2527624598865872
sigma 1.25 l2reg 1e-07 mae 0.2527627950623428
sigma 1.25 l2reg 0.0001 mae 0.25309413376324574
min mae 0.09044044555845243 for sigma= 1 and l2reg= 1e-10
Random 512 0.09044044555845243
sigma 0.5 l2reg 1e-10 mae 1.200721823208954
sigma 0.5 l2reg 1e-07 mae 1.2007218193686864
sigma 0.5 l2reg 0.0001 mae 1.2007179641175094
sigma 0.75 l2reg 1e-10 mae 0.48047601625627134
sigma 0.75 l2reg 1e-07 mae 0.4804760097992107
sigma 0.75 l2reg 0.0001 mae 0.4804697094102073
sigma 1 l2reg 1e-10 mae 0.06706170741771
sigma 1 l2reg 1e-07 mae 0.06706174929332587
sigma 1 l2reg 0.0001 mae 0.06710308296003387
sigma 1.25 l2reg 1e-10 mae 0.35639265085405203
sigma 1.25 l2reg 1e-07 mae 0.35639255992397256
sigma 1.25 l2reg 0.0001 mae 0.35631722918329434
min mae 0.06706170741771 for sigma= 1 and l2reg= 1e-10
Random 1024 0.06706170741771
Shuffle training data iter... 2 / 5
sigma 0.5 l2reg 1e-10 mae 0.5911838102166322
sigma 0.5 l2reg 1e-07 mae 0.5911838095547491
sigma 0.5 l2reg 0.0001 mae 0.5911831476708355
sigma 0.75 l2reg 1e-10 mae 0.3200005281047056
sigma 0.75 l2reg 1e-07 mae 0.3200005285863947
sigma 0.75 l2reg 0.0001 mae 0.3200010102578916
sigma 1 l2reg 1e-10 mae 0.1496514614320823
sigma 1 l2reg 1e-07 mae 0.14965146404720597
sigma 1 l2reg 0.0001 mae 0.14965407907404904
sigma 1.25 l2reg 1e-10 mae 0.019218711803612898
sigma 1.25 l2reg 1e-07 mae 0.019218703676885607
sigma 1.25 l2reg 0.0001 mae 0.019210577424092712
min mae 0.019210577424092712 for sigma= 1.25 and l2reg= 0.0001
Random 16 0.019210577424092712
sigma 0.5 l2reg 1e-10 mae 0.6084673525794546
sigma 0.5 l2reg 1e-07 mae 0.6084673519481555
sigma 0.5 l2reg 0.0001 mae 0.608466720647878
sigma 0.75 l2reg 1e-10 mae 0.3189188943479131
sigma 0.75 l2reg 1e-07 mae 0.3189188951057702
sigma 0.75 l2reg 0.0001 mae 0.3189196529272238
sigma 1 l2reg 1e-10 mae 0.13717347861478135
sigma 1 l2reg 1e-07 mae 0.13717348179713174
sigma 1 l2reg 0.0001 mae 0.13717666401623552
sigma 1.25 l2reg 1e-10 mae 0.05489230453701044
sigma 1.25 l2reg 1e-07 mae 0.05489229622423064
sigma 1.25 l2reg 0.0001 mae 0.05488398355684421
min mae 0.05488398355684421 for sigma= 1.25 and l2reg= 0.0001
Random 32 0.05488398355684421
sigma 0.5 l2reg 1e-10 mae 0.8180922534558182
sigma 0.5 l2reg 1e-07 mae 0.8180922507013764
sigma 0.5 l2reg 0.0001 mae 0.8180894963025436
sigma 0.75 l2reg 1e-10 mae 0.39250286541608403
sigma 0.75 l2reg 1e-07 mae 0.3925028645765414
sigma 0.75 l2reg 0.0001 mae 0.3925020250494051
sigma 1 l2reg 1e-10 mae 0.1586847079988014
sigma 1 l2reg 1e-07 mae 0.15868470833748205
sigma 1 l2reg 0.0001 mae 0.15868504702604147
sigma 1.25 l2reg 1e-10 mae 0.021358505786074566
sigma 1.25 l2reg 1e-07 mae 0.021358505563942032
sigma 1.25 l2reg 0.0001 mae 0.021358282254055005
min mae 0.021358282254055005 for sigma= 1.25 and l2reg= 0.0001
Random 64 0.021358282254055005
sigma 0.5 l2reg 1e-10 mae 0.8611706521092894
sigma 0.5 l2reg 1e-07 mae 0.8611706498226659
sigma 0.5 l2reg 0.0001 mae 0.8611683631867451
sigma 0.75 l2reg 1e-10 mae 0.36911048276954683
sigma 0.75 l2reg 1e-07 mae 0.3691104828126299
sigma 0.75 l2reg 0.0001 mae 0.3691105256876641
sigma 1 l2reg 1e-10 mae 0.1260278520838627
sigma 1 l2reg 1e-07 mae 0.12602784764301012
sigma 1 l2reg 0.0001 mae 0.12602340957900182
sigma 1.25 l2reg 1e-10 mae 0.08228616069580585
sigma 1.25 l2reg 1e-07 mae 0.08228619619595001
sigma 1.25 l2reg 0.0001 mae 0.08232164594671065
min mae 0.08228616069580585 for sigma= 1.25 and l2reg= 1e-10
Random 128 0.08228616069580585
sigma 0.5 l2reg 1e-10 mae 0.9222794797197662
sigma 0.5 l2reg 1e-07 mae 0.9222794752917287
sigma 0.5 l2reg 0.0001 mae 0.9222750473056504
sigma 0.75 l2reg 1e-10 mae 0.3953183929547115
sigma 0.75 l2reg 1e-07 mae 0.3953183900232342
sigma 0.75 l2reg 0.0001 mae 0.3953154581836018
sigma 1 l2reg 1e-10 mae 0.09391945759066012
sigma 1 l2reg 1e-07 mae 0.09391945113591493
sigma 1 l2reg 0.0001 mae 0.09391300204436881
sigma 1.25 l2reg 1e-10 mae 0.17001353497651817
sigma 1.25 l2reg 1e-07 mae 0.1700136200319955
sigma 1.25 l2reg 0.0001 mae 0.1700985537886739
min mae 0.09391300204436881 for sigma= 1 and l2reg= 0.0001
Random 256 0.09391300204436881
sigma 0.5 l2reg 1e-10 mae 1.0865886639979458
sigma 0.5 l2reg 1e-07 mae 1.086588664161638
sigma 0.5 l2reg 0.0001 mae 1.0865888261198355
sigma 0.75 l2reg 1e-10 mae 0.44355956767409577
sigma 0.75 l2reg 1e-07 mae 0.4435595908506267
sigma 0.75 l2reg 0.0001 mae 0.4435827403619248
sigma 1 l2reg 1e-10 mae 0.10733925590708093
sigma 1 l2reg 1e-07 mae 0.1073392608713446
sigma 1 l2reg 0.0001 mae 0.10734419334848067
sigma 1.25 l2reg 1e-10 mae 0.1694714334230989
sigma 1.25 l2reg 1e-07 mae 0.1694717400522956
sigma 1.25 l2reg 0.0001 mae 0.1697764058378377
min mae 0.10733925590708093 for sigma= 1 and l2reg= 1e-10
Random 512 0.10733925590708093
sigma 0.5 l2reg 1e-10 mae 1.2162951317810018
sigma 0.5 l2reg 1e-07 mae 1.216295138525239
sigma 0.5 l2reg 0.0001 mae 1.2163018753339765
sigma 0.75 l2reg 1e-10 mae 0.4641039865990022
sigma 0.75 l2reg 1e-07 mae 0.46410404942563854
sigma 0.75 l2reg 0.0001 mae 0.464166789569485
sigma 1 l2reg 1e-10 mae 0.06580448170550834
sigma 1 l2reg 1e-07 mae 0.0658045291488163
sigma 1 l2reg 0.0001 mae 0.06585146508360662
sigma 1.25 l2reg 1e-10 mae 0.25256208004920655
sigma 1.25 l2reg 1e-07 mae 0.2525621989848519
sigma 1.25 l2reg 0.0001 mae 0.25269733950195405
min mae 0.06580448170550834 for sigma= 1 and l2reg= 1e-10
Random 1024 0.06580448170550834
Shuffle training data iter... 3 / 5
sigma 0.5 l2reg 1e-10 mae 0.5920001120471794
sigma 0.5 l2reg 1e-07 mae 0.5920001104721222
sigma 0.5 l2reg 0.0001 mae 0.5919985354405062
sigma 0.75 l2reg 1e-10 mae 0.39011332775591556
sigma 0.75 l2reg 1e-07 mae 0.39011332650543096
sigma 0.75 l2reg 0.0001 mae 0.3901120760572712
sigma 1 l2reg 1e-10 mae 0.287149245893404
sigma 1 l2reg 1e-07 mae 0.2871492452066368
sigma 1 l2reg 0.0001 mae 0.2871485584771104
sigma 1.25 l2reg 1e-10 mae 0.19893554914377504
sigma 1.25 l2reg 1e-07 mae 0.19893554996255086
sigma 1.25 l2reg 0.0001 mae 0.1989363687460407
min mae 0.19893554914377504 for sigma= 1.25 and l2reg= 1e-10
Random 16 0.19893554914377504
sigma 0.5 l2reg 1e-10 mae 0.6456798940378131
sigma 0.5 l2reg 1e-07 mae 0.6456798927212506
sigma 0.5 l2reg 0.0001 mae 0.6456785761732764
sigma 0.75 l2reg 1e-10 mae 0.3616587326309193
sigma 0.75 l2reg 1e-07 mae 0.3616587325204763
sigma 0.75 l2reg 0.0001 mae 0.361658622083324
sigma 1 l2reg 1e-10 mae 0.21563824114470953
sigma 1 l2reg 1e-07 mae 0.2156382429839494
sigma 1 l2reg 0.0001 mae 0.21564008215864483
sigma 1.25 l2reg 1e-10 mae 0.08398832598751715
sigma 1.25 l2reg 1e-07 mae 0.08398833363465963
sigma 1.25 l2reg 0.0001 mae 0.08399598004823261
min mae 0.08398832598751715 for sigma= 1.25 and l2reg= 1e-10
Random 32 0.08398832598751715
sigma 0.5 l2reg 1e-10 mae 0.6231217697257032
sigma 0.5 l2reg 1e-07 mae 0.6231217697371698
sigma 0.5 l2reg 0.0001 mae 0.6231217811827435
sigma 0.75 l2reg 1e-10 mae 0.26029135145051374
sigma 0.75 l2reg 1e-07 mae 0.2602913542937406
sigma 0.75 l2reg 0.0001 mae 0.2602941973759396
sigma 1 l2reg 1e-10 mae 0.07239270645861495
sigma 1 l2reg 1e-07 mae 0.07239271190187391
sigma 1 l2reg 0.0001 mae 0.07239815480938283
sigma 1.25 l2reg 1e-10 mae 0.08918834515943086
sigma 1.25 l2reg 1e-07 mae 0.08918833671113813
sigma 1.25 l2reg 0.0001 mae 0.08917988882258499
min mae 0.07239270645861495 for sigma= 1 and l2reg= 1e-10
Random 64 0.07239270645861495
sigma 0.5 l2reg 1e-10 mae 0.6706943872023733
sigma 0.5 l2reg 1e-07 mae 0.6706943873228682
sigma 0.5 l2reg 0.0001 mae 0.6706945077873913
sigma 0.75 l2reg 1e-10 mae 0.27927655289560827
sigma 0.75 l2reg 1e-07 mae 0.2792765565674262
sigma 0.75 l2reg 0.0001 mae 0.27928022813951614
sigma 1 l2reg 1e-10 mae 0.09572378118352187
sigma 1 l2reg 1e-07 mae 0.09572378458036557
sigma 1 l2reg 0.0001 mae 0.09572718121929125
sigma 1.25 l2reg 1e-10 mae 0.07613902106170745
sigma 1.25 l2reg 1e-07 mae 0.07613902189351496
sigma 1.25 l2reg 0.0001 mae 0.07613984808679763
min mae 0.07613902106170745 for sigma= 1.25 and l2reg= 1e-10
Random 128 0.07613902106170745
sigma 0.5 l2reg 1e-10 mae 0.7771987897673736
sigma 0.5 l2reg 1e-07 mae 0.777198784387293
sigma 0.5 l2reg 0.0001 mae 0.7771934046980953
sigma 0.75 l2reg 1e-10 mae 0.33133707486080066
sigma 0.75 l2reg 1e-07 mae 0.33133706501952265
sigma 0.75 l2reg 0.0001 mae 0.33132722692474914
sigma 1 l2reg 1e-10 mae 0.09554576017098082
sigma 1 l2reg 1e-07 mae 0.09554576005724424
sigma 1 l2reg 0.0001 mae 0.09554563247056347
sigma 1.25 l2reg 1e-10 mae 0.12733859489037602
sigma 1.25 l2reg 1e-07 mae 0.12733855967358831
sigma 1.25 l2reg 0.0001 mae 0.12730358522647212
min mae 0.09554563247056347 for sigma= 1 and l2reg= 0.0001
Random 256 0.09554563247056347
sigma 0.5 l2reg 1e-10 mae 0.9847818578513658
sigma 0.5 l2reg 1e-07 mae 0.9847818402897728
sigma 0.5 l2reg 0.0001 mae 0.9847642809934483
sigma 0.75 l2reg 1e-10 mae 0.417230127972009
sigma 0.75 l2reg 1e-07 mae 0.4172301039047719
sigma 0.75 l2reg 0.0001 mae 0.4172060540244251
sigma 1 l2reg 1e-10 mae 0.07256590162573939
sigma 1 l2reg 1e-07 mae 0.07256588290426702
sigma 1 l2reg 0.0001 mae 0.07254731414205207
sigma 1.25 l2reg 1e-10 mae 0.22109685830818027
sigma 1.25 l2reg 1e-07 mae 0.22109717738331103
sigma 1.25 l2reg 0.0001 mae 0.22141362169784617
min mae 0.07254731414205207 for sigma= 1 and l2reg= 0.0001
Random 512 0.07254731414205207
sigma 0.5 l2reg 1e-10 mae 1.2796746965069294
sigma 0.5 l2reg 1e-07 mae 1.2796746697590944
sigma 0.5 l2reg 0.0001 mae 1.2796479254410356
sigma 0.75 l2reg 1e-10 mae 0.5408235773792329
sigma 0.75 l2reg 1e-07 mae 0.5408235766425085
sigma 0.75 l2reg 0.0001 mae 0.5408226928458211
sigma 1 l2reg 1e-10 mae 0.09567876428393429
sigma 1 l2reg 1e-07 mae 0.09567880851620725
sigma 1 l2reg 0.0001 mae 0.09572227345343531
sigma 1.25 l2reg 1e-10 mae 0.22950080750986235
sigma 1.25 l2reg 1e-07 mae 0.22950116327814118
sigma 1.25 l2reg 0.0001 mae 0.22984477897934585
min mae 0.09567876428393429 for sigma= 1 and l2reg= 1e-10
Random 1024 0.09567876428393429
Shuffle training data iter... 4 / 5
sigma 0.5 l2reg 1e-10 mae 0.572006822332935
sigma 0.5 l2reg 1e-07 mae 0.572006820999855
sigma 0.5 l2reg 0.0001 mae 0.572005487936314
sigma 0.75 l2reg 1e-10 mae 0.34898950693081404
sigma 0.75 l2reg 1e-07 mae 0.34898950625257913
sigma 0.75 l2reg 0.0001 mae 0.34898882803855613
sigma 1 l2reg 1e-10 mae 0.22596968509030593
sigma 1 l2reg 1e-07 mae 0.2259696869410543
sigma 1 l2reg 0.0001 mae 0.22597153758626257
sigma 1.25 l2reg 1e-10 mae 0.11757321821544497
sigma 1.25 l2reg 1e-07 mae 0.11757322823966232
sigma 1.25 l2reg 0.0001 mae 0.11758325137002446
min mae 0.11757321821544497 for sigma= 1.25 and l2reg= 1e-10
Random 16 0.11757321821544497
sigma 0.5 l2reg 1e-10 mae 0.6864335071772539
sigma 0.5 l2reg 1e-07 mae 0.6864335055518306
sigma 0.5 l2reg 0.0001 mae 0.6864318801416427
sigma 0.75 l2reg 1e-10 mae 0.37253097459282003
sigma 0.75 l2reg 1e-07 mae 0.37253097423048787
sigma 0.75 l2reg 0.0001 mae 0.37253061190035774
sigma 1 l2reg 1e-10 mae 0.19553405423168435
sigma 1 l2reg 1e-07 mae 0.1955340573276665
sigma 1 l2reg 0.0001 mae 0.19553715312719655
sigma 1.25 l2reg 1e-10 mae 0.010274577375575689
sigma 1.25 l2reg 1e-07 mae 0.010274593694051148
sigma 1.25 l2reg 0.0001 mae 0.010290910326538949
min mae 0.010274577375575689 for sigma= 1.25 and l2reg= 1e-10
Random 32 0.010274577375575689
sigma 0.5 l2reg 1e-10 mae 0.5802539977085839
sigma 0.5 l2reg 1e-07 mae 0.5802539964672592
sigma 0.5 l2reg 0.0001 mae 0.580252755163283
sigma 0.75 l2reg 1e-10 mae 0.2657916403009668
sigma 0.75 l2reg 1e-07 mae 0.2657916402684364
sigma 0.75 l2reg 0.0001 mae 0.2657916077421878
sigma 1 l2reg 1e-10 mae 0.08852750449320279
sigma 1 l2reg 1e-07 mae 0.08852750613205718
sigma 1 l2reg 0.0001 mae 0.08852914505672382
sigma 1.25 l2reg 1e-10 mae 0.0773935985734635
sigma 1.25 l2reg 1e-07 mae 0.07739359559747694
sigma 1.25 l2reg 0.0001 mae 0.07739061775694722
min mae 0.07739061775694722 for sigma= 1.25 and l2reg= 0.0001
Random 64 0.07739061775694722
sigma 0.5 l2reg 1e-10 mae 0.6845047292978395
sigma 0.5 l2reg 1e-07 mae 0.6845047273685061
sigma 0.5 l2reg 0.0001 mae 0.6845027981459493
sigma 0.75 l2reg 1e-10 mae 0.2748948831973985
sigma 0.75 l2reg 1e-07 mae 0.2748948809559604
sigma 0.75 l2reg 0.0001 mae 0.2748926403095284
sigma 1 l2reg 1e-10 mae 0.059149208707625966
sigma 1 l2reg 1e-07 mae 0.05914921561289166
sigma 1 l2reg 0.0001 mae 0.059156118224788834
sigma 1.25 l2reg 1e-10 mae 0.1282412796332819
sigma 1.25 l2reg 1e-07 mae 0.12824120496092473
sigma 1.25 l2reg 0.0001 mae 0.12816663010934803
min mae 0.059149208707625966 for sigma= 1 and l2reg= 1e-10
Random 128 0.059149208707625966
sigma 0.5 l2reg 1e-10 mae 0.8028620839247561
sigma 0.5 l2reg 1e-07 mae 0.8028620791693948
sigma 0.5 l2reg 0.0001 mae 0.8028573240385585
sigma 0.75 l2reg 1e-10 mae 0.3231866293025695
sigma 0.75 l2reg 1e-07 mae 0.3231866219497106
sigma 0.75 l2reg 0.0001 mae 0.3231792709267566
sigma 1 l2reg 1e-10 mae 0.0632009057667573
sigma 1 l2reg 1e-07 mae 0.06320091234818292
sigma 1 l2reg 0.0001 mae 0.06320749162137096
sigma 1.25 l2reg 1e-10 mae 0.21032245135131244
sigma 1.25 l2reg 1e-07 mae 0.21032231967020554
sigma 1.25 l2reg 0.0001 mae 0.21019076658021252
min mae 0.0632009057667573 for sigma= 1 and l2reg= 1e-10
Random 256 0.0632009057667573
sigma 0.5 l2reg 1e-10 mae 1.0820803701228199
sigma 0.5 l2reg 1e-07 mae 1.0820803596324504
sigma 0.5 l2reg 0.0001 mae 1.0820698702092297
sigma 0.75 l2reg 1e-10 mae 0.4309279747205794
sigma 0.75 l2reg 1e-07 mae 0.43092798424027645
sigma 0.75 l2reg 0.0001 mae 0.4309374843241107
sigma 1 l2reg 1e-10 mae 0.05466961826084482
sigma 1 l2reg 1e-07 mae 0.05466964801595875
sigma 1 l2reg 0.0001 mae 0.05469930087247743
sigma 1.25 l2reg 1e-10 mae 0.3181285236742477
sigma 1.25 l2reg 1e-07 mae 0.3181286909041505
sigma 1.25 l2reg 0.0001 mae 0.3182949945081939
min mae 0.05466961826084482 for sigma= 1 and l2reg= 1e-10
Random 512 0.05466961826084482
sigma 0.5 l2reg 1e-10 mae 1.1919728766291042
sigma 0.5 l2reg 1e-07 mae 1.1919728685970945
sigma 0.5 l2reg 0.0001 mae 1.1919648400348546
sigma 0.75 l2reg 1e-10 mae 0.42616336029052615
sigma 0.75 l2reg 1e-07 mae 0.426163392709646
sigma 0.75 l2reg 0.0001 mae 0.4261958272615898
sigma 1 l2reg 1e-10 mae 0.05954579602066712
sigma 1 l2reg 1e-07 mae 0.05954581492455002
sigma 1 l2reg 0.0001 mae 0.05956448200533071
sigma 1.25 l2reg 1e-10 mae 0.16345900021676574
sigma 1.25 l2reg 1e-07 mae 0.16345960564011808
sigma 1.25 l2reg 0.0001 mae 0.16407822449183573
min mae 0.05954579602066712 for sigma= 1 and l2reg= 1e-10
Random 1024 0.05954579602066712
Shuffle training data iter... 5 / 5
sigma 0.5 l2reg 1e-10 mae 0.6378393555752616
sigma 0.5 l2reg 1e-07 mae 0.6378393543050704
sigma 0.5 l2reg 0.0001 mae 0.6378380841202451
sigma 0.75 l2reg 1e-10 mae 0.38604993841193713
sigma 0.75 l2reg 1e-07 mae 0.38604993816238686
sigma 0.75 l2reg 0.0001 mae 0.38604968860973066
sigma 1 l2reg 1e-10 mae 0.24230326738150748
sigma 1 l2reg 1e-07 mae 0.24230326790106177
sigma 1 l2reg 0.0001 mae 0.24230378744469283
sigma 1.25 l2reg 1e-10 mae 0.12122928879306377
sigma 1.25 l2reg 1e-07 mae 0.12122929082025857
sigma 1.25 l2reg 0.0001 mae 0.12123131797449871
min mae 0.12122928879306377 for sigma= 1.25 and l2reg= 1e-10
Random 16 0.12122928879306377
sigma 0.5 l2reg 1e-10 mae 0.6375871796669219
sigma 0.5 l2reg 1e-07 mae 0.6375871776390385
sigma 0.5 l2reg 0.0001 mae 0.6375851497941891
sigma 0.75 l2reg 1e-10 mae 0.3225117947947749
sigma 0.75 l2reg 1e-07 mae 0.3225117937497419
sigma 0.75 l2reg 0.0001 mae 0.32251074880368336
sigma 1 l2reg 1e-10 mae 0.08819129210922938
sigma 1 l2reg 1e-07 mae 0.0881912962782101
sigma 1 l2reg 0.0001 mae 0.08819546509823706
sigma 1.25 l2reg 1e-10 mae 0.17319283469128877
sigma 1.25 l2reg 1e-07 mae 0.1731928109104155
sigma 1.25 l2reg 0.0001 mae 0.17316903325197242
min mae 0.08819129210922938 for sigma= 1 and l2reg= 1e-10
Random 32 0.08819129210922938
sigma 0.5 l2reg 1e-10 mae 0.675010613515741
sigma 0.5 l2reg 1e-07 mae 0.6750106101238034
sigma 0.5 l2reg 0.0001 mae 0.67500721827578
sigma 0.75 l2reg 1e-10 mae 0.3259244067904632
sigma 0.75 l2reg 1e-07 mae 0.3259244035112854
sigma 0.75 l2reg 0.0001 mae 0.3259211246101299
sigma 1 l2reg 1e-10 mae 0.07731142167124982
sigma 1 l2reg 1e-07 mae 0.07731142260570945
sigma 1 l2reg 0.0001 mae 0.07731235727354235
sigma 1.25 l2reg 1e-10 mae 0.20525532181692885
sigma 1.25 l2reg 1e-07 mae 0.2052552930807865
sigma 1.25 l2reg 0.0001 mae 0.20522656589861032
min mae 0.07731142167124982 for sigma= 1 and l2reg= 1e-10
Random 64 0.07731142167124982
sigma 0.5 l2reg 1e-10 mae 0.6572434063684278
sigma 0.5 l2reg 1e-07 mae 0.6572434050066926
sigma 0.5 l2reg 0.0001 mae 0.6572420432534457
sigma 0.75 l2reg 1e-10 mae 0.2958765149315292
sigma 0.75 l2reg 1e-07 mae 0.2958765139479558
sigma 0.75 l2reg 0.0001 mae 0.29587553070750294
sigma 1 l2reg 1e-10 mae 0.07990036015333679
sigma 1 l2reg 1e-07 mae 0.07990036185974203
sigma 1 l2reg 0.0001 mae 0.07990206944804701
sigma 1.25 l2reg 1e-10 mae 0.16367377828722018
sigma 1.25 l2reg 1e-07 mae 0.16367372897540378
sigma 1.25 l2reg 0.0001 mae 0.1636244695829827
min mae 0.07990036015333679 for sigma= 1 and l2reg= 1e-10
Random 128 0.07990036015333679
sigma 0.5 l2reg 1e-10 mae 0.8070319372381065
sigma 0.5 l2reg 1e-07 mae 0.8070319391936303
sigma 0.5 l2reg 0.0001 mae 0.8070338936222325
sigma 0.75 l2reg 1e-10 mae 0.33870878742837074
sigma 0.75 l2reg 1e-07 mae 0.33870879900983275
sigma 0.75 l2reg 0.0001 mae 0.3387203672161161
sigma 1 l2reg 1e-10 mae 0.10059928030981613
sigma 1 l2reg 1e-07 mae 0.10059928766205761
sigma 1 l2reg 0.0001 mae 0.10060663891038146
sigma 1.25 l2reg 1e-10 mae 0.15124337459068204
sigma 1.25 l2reg 1e-07 mae 0.15124340990743068
sigma 1.25 l2reg 0.0001 mae 0.15127786388566644
min mae 0.10059928030981613 for sigma= 1 and l2reg= 1e-10
Random 256 0.10059928030981613
sigma 0.5 l2reg 1e-10 mae 1.017359380391313
sigma 0.5 l2reg 1e-07 mae 1.017359374303778
sigma 0.5 l2reg 0.0001 mae 1.0173532877304758
sigma 0.75 l2reg 1e-10 mae 0.3664535002520415
sigma 0.75 l2reg 1e-07 mae 0.3664535158566542
sigma 0.75 l2reg 0.0001 mae 0.3664691055819693
sigma 1 l2reg 1e-10 mae 0.0634354354865776
sigma 1 l2reg 1e-07 mae 0.0634354505455077
sigma 1 l2reg 0.0001 mae 0.06345048996080305
sigma 1.25 l2reg 1e-10 mae 0.09612056970086247
sigma 1.25 l2reg 1e-07 mae 0.0961210775023078
sigma 1.25 l2reg 0.0001 mae 0.09662526501167168
min mae 0.0634354354865776 for sigma= 1 and l2reg= 1e-10
Random 512 0.0634354354865776
sigma 0.5 l2reg 1e-10 mae 1.2764372614627932
sigma 0.5 l2reg 1e-07 mae 1.2764372373316357
sigma 0.5 l2reg 0.0001 mae 1.2764131124777132
sigma 0.75 l2reg 1e-10 mae 0.4575131331423732
sigma 0.75 l2reg 1e-07 mae 0.4575131076254868
sigma 0.75 l2reg 0.0001 mae 0.45748767664532064
sigma 1 l2reg 1e-10 mae 0.062339726166334763
sigma 1 l2reg 1e-07 mae 0.06233980070457701
sigma 1 l2reg 0.0001 mae 0.06241375529894011
sigma 1.25 l2reg 1e-10 mae 0.18467397643747052
sigma 1.25 l2reg 1e-07 mae 0.1846732934281663
sigma 1.25 l2reg 0.0001 mae 0.18400761291444656
min mae 0.062339726166334763 for sigma= 1 and l2reg= 1e-10
Random 1024 0.062339726166334763
