sml.py:59: VisibleDeprecationWarning: Creating an ndarray from ragged nested sequences (which is a list-or-tuple of lists-or-tuples-or ndarrays with different lengths or shapes) is deprecated. If you meant to do this, you must specify 'dtype=object' when creating the ndarray
  nuclear_charges = np.array([mol.nuclear_charges for mol in mols])
Shuffle training data iter... 1 / 5
sigma 0.5 l2reg 1e-10 mae 0.7083007156387933
sigma 0.5 l2reg 1e-07 mae 0.7083007087865758
sigma 0.5 l2reg 0.0001 mae 0.7082938581145352
sigma 0.75 l2reg 1e-10 mae 0.49775299024420333
sigma 0.75 l2reg 1e-07 mae 0.4977529823464219
sigma 0.75 l2reg 0.0001 mae 0.49774509196652794
sigma 1 l2reg 1e-10 mae 0.38504112133235
sigma 1 l2reg 1e-07 mae 0.38504111036180955
sigma 1 l2reg 0.0001 mae 0.38503016198517276
min mae 0.38503016198517276 for sigma= 1 and l2reg= 0.0001
SML 16 0.38503016198517276
sigma 0.5 l2reg 1e-10 mae 0.6089657582404961
sigma 0.5 l2reg 1e-07 mae 0.6089657567841129
sigma 0.5 l2reg 0.0001 mae 0.608964300413279
sigma 0.75 l2reg 1e-10 mae 0.39480703762845604
sigma 0.75 l2reg 1e-07 mae 0.3948070368005805
sigma 0.75 l2reg 0.0001 mae 0.39480620893469687
sigma 1 l2reg 1e-10 mae 0.26121041993207816
sigma 1 l2reg 1e-07 mae 0.2612104210116013
sigma 1 l2reg 0.0001 mae 0.26121150049357755
min mae 0.26121041993207816 for sigma= 1 and l2reg= 1e-10
Random 16 0.26121041993207816
sigma 0.5 l2reg 1e-10 mae 0.589572348092372
sigma 0.5 l2reg 1e-07 mae 0.5895723486127186
sigma 0.5 l2reg 0.0001 mae 0.5895728674692937
sigma 0.75 l2reg 1e-10 mae 0.3218634388535103
sigma 0.75 l2reg 1e-07 mae 0.321863445175391
sigma 0.75 l2reg 0.0001 mae 0.3218697358298367
sigma 1 l2reg 1e-10 mae 0.17413784845885782
sigma 1 l2reg 1e-07 mae 0.17413785495727496
sigma 1 l2reg 0.0001 mae 0.17414419829179262
min mae 0.17413784845885782 for sigma= 1 and l2reg= 1e-10
SML 32 0.17413784845885782
sigma 0.5 l2reg 1e-10 mae 0.7510562221276212
sigma 0.5 l2reg 1e-07 mae 0.7510562191958087
sigma 0.5 l2reg 0.0001 mae 0.7510532874148664
sigma 0.75 l2reg 1e-10 mae 0.42515321095334513
sigma 0.75 l2reg 1e-07 mae 0.4251532097377403
sigma 0.75 l2reg 0.0001 mae 0.42515199414508276
sigma 1 l2reg 1e-10 mae 0.24583278542300446
sigma 1 l2reg 1e-07 mae 0.24583278741980896
sigma 1 l2reg 0.0001 mae 0.2458347841059707
min mae 0.24583278542300446 for sigma= 1 and l2reg= 1e-10
Random 32 0.24583278542300446
sigma 0.5 l2reg 1e-10 mae 0.4805499988781188
sigma 0.5 l2reg 1e-07 mae 0.48055003674291963
sigma 0.5 l2reg 0.0001 mae 0.4805874638734784
sigma 0.75 l2reg 1e-10 mae 0.2115166210306958
sigma 0.75 l2reg 1e-07 mae 0.21151683138293187
sigma 0.75 l2reg 0.0001 mae 0.21171895587954115
sigma 1 l2reg 1e-10 mae 0.0034837407390773123
sigma 1 l2reg 1e-07 mae 0.0034843778482871457
sigma 1 l2reg 0.0001 mae 0.004060657717984917
min mae 0.0034837407390773123 for sigma= 1 and l2reg= 1e-10
SML 64 0.0034837407390773123
sigma 0.5 l2reg 1e-10 mae 0.7754956420816413
sigma 0.5 l2reg 1e-07 mae 0.7754956397322653
sigma 0.5 l2reg 0.0001 mae 0.7754932903708437
sigma 0.75 l2reg 1e-10 mae 0.4070984144562948
sigma 0.75 l2reg 1e-07 mae 0.40709841370244193
sigma 0.75 l2reg 0.0001 mae 0.407097659827234
sigma 1 l2reg 1e-10 mae 0.20317571143722568
sigma 1 l2reg 1e-07 mae 0.20317571422350178
sigma 1 l2reg 0.0001 mae 0.20317850019672323
min mae 0.20317571143722568 for sigma= 1 and l2reg= 1e-10
Random 64 0.20317571143722568
sigma 0.5 l2reg 1e-10 mae 0.6932628300608752
sigma 0.5 l2reg 1e-07 mae 0.6932628059291466
sigma 0.5 l2reg 0.0001 mae 0.6932387237660289
sigma 0.75 l2reg 1e-10 mae 0.33783696767874805
sigma 0.75 l2reg 1e-07 mae 0.3378368545804449
sigma 0.75 l2reg 0.0001 mae 0.33772576372912155
sigma 1 l2reg 1e-10 mae 0.0860011914776555
sigma 1 l2reg 1e-07 mae 0.08600059606831767
sigma 1 l2reg 0.0001 mae 0.08545467257667472
min mae 0.08545467257667472 for sigma= 1 and l2reg= 0.0001
SML 128 0.08545467257667472
sigma 0.5 l2reg 1e-10 mae 0.8519342126481071
sigma 0.5 l2reg 1e-07 mae 0.8519342091076372
sigma 0.5 l2reg 0.0001 mae 0.8519306686836616
sigma 0.75 l2reg 1e-10 mae 0.4093578701750267
sigma 0.75 l2reg 1e-07 mae 0.409357868718093
sigma 0.75 l2reg 0.0001 mae 0.40935641185495175
sigma 1 l2reg 1e-10 mae 0.1597842478710092
sigma 1 l2reg 1e-07 mae 0.1597842542121226
sigma 1 l2reg 0.0001 mae 0.15979059432921083
min mae 0.1597842478710092 for sigma= 1 and l2reg= 1e-10
Random 128 0.1597842478710092
sigma 0.5 l2reg 1e-10 mae 0.7377818584953046
sigma 0.5 l2reg 1e-07 mae 0.7377818420251625
sigma 0.5 l2reg 0.0001 mae 0.7377652557848347
sigma 0.75 l2reg 1e-10 mae 0.39662272798482956
sigma 0.75 l2reg 1e-07 mae 0.3966226619113895
sigma 0.75 l2reg 0.0001 mae 0.39655687605251533
sigma 1 l2reg 1e-10 mae 0.19140696062133866
sigma 1 l2reg 1e-07 mae 0.19140661799223846
sigma 1 l2reg 0.0001 mae 0.191095361063506
min mae 0.191095361063506 for sigma= 1 and l2reg= 0.0001
SML 256 0.191095361063506
sigma 0.5 l2reg 1e-10 mae 0.9316298091034219
sigma 0.5 l2reg 1e-07 mae 0.9316298051486591
sigma 0.5 l2reg 0.0001 mae 0.9316258504355763
sigma 0.75 l2reg 1e-10 mae 0.4346400218472164
sigma 0.75 l2reg 1e-07 mae 0.43464001416087417
sigma 0.75 l2reg 0.0001 mae 0.4346323279648652
sigma 1 l2reg 1e-10 mae 0.1129831822012708
sigma 1 l2reg 1e-07 mae 0.11298318736854718
sigma 1 l2reg 0.0001 mae 0.11298834599435015
min mae 0.1129831822012708 for sigma= 1 and l2reg= 1e-10
Random 256 0.1129831822012708
sigma 0.5 l2reg 1e-10 mae 0.8448635629561769
sigma 0.5 l2reg 1e-07 mae 0.8448635058235672
sigma 0.5 l2reg 0.0001 mae 0.8448067805277466
sigma 0.75 l2reg 1e-10 mae 0.38494432793701616
sigma 0.75 l2reg 1e-07 mae 0.3849443243549464
sigma 0.75 l2reg 0.0001 mae 0.3849400058004937
sigma 1 l2reg 1e-10 mae 0.09366565555322648
sigma 1 l2reg 1e-07 mae 0.09366574680157225
sigma 1 l2reg 0.0001 mae 0.09377740384183664
min mae 0.09366565555322648 for sigma= 1 and l2reg= 1e-10
SML 512 0.09366565555322648
sigma 0.5 l2reg 1e-10 mae 1.024119134105022
sigma 0.5 l2reg 1e-07 mae 1.024119131060563
sigma 0.5 l2reg 0.0001 mae 1.0241160857427465
sigma 0.75 l2reg 1e-10 mae 0.4209883422403413
sigma 0.75 l2reg 1e-07 mae 0.4209883596383994
sigma 0.75 l2reg 0.0001 mae 0.4210057356310264
sigma 1 l2reg 1e-10 mae 0.09044044555845243
sigma 1 l2reg 1e-07 mae 0.09044045294277492
sigma 1 l2reg 0.0001 mae 0.09044786373062674
min mae 0.09044044555845243 for sigma= 1 and l2reg= 1e-10
Random 512 0.09044044555845243
sigma 0.5 l2reg 1e-10 mae 1.2393382355011822
sigma 0.5 l2reg 1e-07 mae 1.2393380579481663
sigma 0.5 l2reg 0.0001 mae 1.239162169862861
sigma 0.75 l2reg 1e-10 mae 0.5528774849666531
sigma 0.75 l2reg 1e-07 mae 0.5528772876914116
sigma 0.75 l2reg 0.0001 mae 0.5526766955902529
sigma 1 l2reg 1e-10 mae 0.04777875774551443
sigma 1 l2reg 1e-07 mae 0.0477789882141435
sigma 1 l2reg 0.0001 mae 0.047950049444419385
min mae 0.04777875774551443 for sigma= 1 and l2reg= 1e-10
SML 1024 0.04777875774551443
sigma 0.5 l2reg 1e-10 mae 1.200721823208954
sigma 0.5 l2reg 1e-07 mae 1.2007218193686864
sigma 0.5 l2reg 0.0001 mae 1.2007179641175094
sigma 0.75 l2reg 1e-10 mae 0.48047601625627134
sigma 0.75 l2reg 1e-07 mae 0.4804760097992107
sigma 0.75 l2reg 0.0001 mae 0.4804697094102073
sigma 1 l2reg 1e-10 mae 0.06706170741771
sigma 1 l2reg 1e-07 mae 0.06706174929332587
sigma 1 l2reg 0.0001 mae 0.06710308296003387
min mae 0.06706170741771 for sigma= 1 and l2reg= 1e-10
Random 1024 0.06706170741771
sigma 0.5 l2reg 1e-10 mae 1.4740943352677531
sigma 0.5 l2reg 1e-07 mae 1.4740941544684913
sigma 0.5 l2reg 0.0001 mae 1.4739171871802013
sigma 0.75 l2reg 1e-10 mae 0.5753347786751659
sigma 0.75 l2reg 1e-07 mae 0.5753339501867556
sigma 0.75 l2reg 0.0001 mae 0.5746112383706459
sigma 1 l2reg 1e-10 mae 0.04398118847550858
sigma 1 l2reg 1e-07 mae 0.043981661940502015
sigma 1 l2reg 0.0001 mae 0.044407087842340154
min mae 0.04398118847550858 for sigma= 1 and l2reg= 1e-10
SML 2048 0.04398118847550858
sigma 0.5 l2reg 1e-10 mae 1.5255933022264125
sigma 0.5 l2reg 1e-07 mae 1.5255932150849754
sigma 0.5 l2reg 0.0001 mae 1.5255064573688886
sigma 0.75 l2reg 1e-10 mae 0.5277564449678023
sigma 0.75 l2reg 1e-07 mae 0.5277562084770535
sigma 0.75 l2reg 0.0001 mae 0.5275269424572384
sigma 1 l2reg 1e-10 mae 0.0787902962600624
sigma 1 l2reg 1e-07 mae 0.07879032386564244
sigma 1 l2reg 0.0001 mae 0.07881308047766833
min mae 0.0787902962600624 for sigma= 1 and l2reg= 1e-10
Random 2048 0.0787902962600624
sigma 0.5 l2reg 1e-10 mae 1.7337991599451383
sigma 0.5 l2reg 1e-07 mae 1.733798996980343
sigma 0.5 l2reg 0.0001 mae 1.733636014480683
sigma 0.75 l2reg 1e-10 mae 0.544670579249444
sigma 0.75 l2reg 1e-07 mae 0.5446704536897711
sigma 0.75 l2reg 0.0001 mae 0.544527703833988
sigma 1 l2reg 1e-10 mae 0.0472296552339726
sigma 1 l2reg 1e-07 mae 0.047229468402274044
sigma 1 l2reg 0.0001 mae 0.0469366333235639
min mae 0.0469366333235639 for sigma= 1 and l2reg= 0.0001
SML 4096 0.0469366333235639
sigma 0.5 l2reg 1e-10 mae 1.8250214377111886
sigma 0.5 l2reg 1e-07 mae 1.8250211912797267
sigma 0.5 l2reg 0.0001 mae 1.8247774527278393
sigma 0.75 l2reg 1e-10 mae 0.5462608570133325
sigma 0.75 l2reg 1e-07 mae 0.5462602492658659
sigma 0.75 l2reg 0.0001 mae 0.5457038936494412
sigma 1 l2reg 1e-10 mae 0.060138435099115206
sigma 1 l2reg 1e-07 mae 0.060138600806662446
sigma 1 l2reg 0.0001 mae 0.06006756784573053
min mae 0.06006756784573053 for sigma= 1 and l2reg= 0.0001
Random 4096 0.06006756784573053
sigma 0.5 l2reg 1e-10 mae 2.176210147058888
sigma 0.5 l2reg 1e-07 mae 2.1762096878907036
sigma 0.5 l2reg 0.0001 mae 2.1757558150120557
sigma 0.75 l2reg 1e-10 mae 0.6972186992322191
sigma 0.75 l2reg 1e-07 mae 0.6972197451448592
sigma 0.75 l2reg 0.0001 mae 0.6975766457695682
sigma 1 l2reg 1e-10 mae 0.060561533159027015
sigma 1 l2reg 1e-07 mae 0.06055254796164444
sigma 1 l2reg 0.0001 mae 0.05788573977876421
min mae 0.05788573977876421 for sigma= 1 and l2reg= 0.0001
SML 7165 0.05788573977876421
sigma 0.5 l2reg 1e-10 mae 2.1762101470586215
sigma 0.5 l2reg 1e-07 mae 2.1762096878911548
sigma 0.5 l2reg 0.0001 mae 2.175755815013285
sigma 0.75 l2reg 1e-10 mae 0.6972186992222005
sigma 0.75 l2reg 1e-07 mae 0.6972197451279198
sigma 0.75 l2reg 0.0001 mae 0.6975766457770574
sigma 1 l2reg 1e-10 mae 0.060561533144077195
sigma 1 l2reg 1e-07 mae 0.06055254795533482
sigma 1 l2reg 0.0001 mae 0.057885739772681966
min mae 0.057885739772681966 for sigma= 1 and l2reg= 0.0001
Random 7165 0.057885739772681966
Shuffle training data iter... 2 / 5
sigma 0.5 l2reg 1e-10 mae 0.5911838102166322
sigma 0.5 l2reg 1e-07 mae 0.5911838095547491
sigma 0.5 l2reg 0.0001 mae 0.5911831476708355
sigma 0.75 l2reg 1e-10 mae 0.3200005281047056
sigma 0.75 l2reg 1e-07 mae 0.3200005285863947
sigma 0.75 l2reg 0.0001 mae 0.3200010102578916
sigma 1 l2reg 1e-10 mae 0.1496514614320823
sigma 1 l2reg 1e-07 mae 0.14965146404720597
sigma 1 l2reg 0.0001 mae 0.14965407907404904
min mae 0.1496514614320823 for sigma= 1 and l2reg= 1e-10
Random 16 0.1496514614320823
sigma 0.5 l2reg 1e-10 mae 0.6084673525794546
sigma 0.5 l2reg 1e-07 mae 0.6084673519481555
sigma 0.5 l2reg 0.0001 mae 0.608466720647878
sigma 0.75 l2reg 1e-10 mae 0.3189188943479131
sigma 0.75 l2reg 1e-07 mae 0.3189188951057702
sigma 0.75 l2reg 0.0001 mae 0.3189196529272238
sigma 1 l2reg 1e-10 mae 0.13717347861478135
sigma 1 l2reg 1e-07 mae 0.13717348179713174
sigma 1 l2reg 0.0001 mae 0.13717666401623552
min mae 0.13717347861478135 for sigma= 1 and l2reg= 1e-10
Random 32 0.13717347861478135
sigma 0.5 l2reg 1e-10 mae 0.8180922534558182
sigma 0.5 l2reg 1e-07 mae 0.8180922507013764
sigma 0.5 l2reg 0.0001 mae 0.8180894963025436
sigma 0.75 l2reg 1e-10 mae 0.39250286541608403
sigma 0.75 l2reg 1e-07 mae 0.3925028645765414
sigma 0.75 l2reg 0.0001 mae 0.3925020250494051
sigma 1 l2reg 1e-10 mae 0.1586847079988014
sigma 1 l2reg 1e-07 mae 0.15868470833748205
sigma 1 l2reg 0.0001 mae 0.15868504702604147
min mae 0.1586847079988014 for sigma= 1 and l2reg= 1e-10
Random 64 0.1586847079988014
sigma 0.5 l2reg 1e-10 mae 0.8611706521092894
sigma 0.5 l2reg 1e-07 mae 0.8611706498226659
sigma 0.5 l2reg 0.0001 mae 0.8611683631867451
sigma 0.75 l2reg 1e-10 mae 0.36911048276954683
sigma 0.75 l2reg 1e-07 mae 0.3691104828126299
sigma 0.75 l2reg 0.0001 mae 0.3691105256876641
sigma 1 l2reg 1e-10 mae 0.1260278520838627
sigma 1 l2reg 1e-07 mae 0.12602784764301012
sigma 1 l2reg 0.0001 mae 0.12602340957900182
min mae 0.12602340957900182 for sigma= 1 and l2reg= 0.0001
Random 128 0.12602340957900182
sigma 0.5 l2reg 1e-10 mae 0.9222794797197662
sigma 0.5 l2reg 1e-07 mae 0.9222794752917287
sigma 0.5 l2reg 0.0001 mae 0.9222750473056504
sigma 0.75 l2reg 1e-10 mae 0.3953183929547115
sigma 0.75 l2reg 1e-07 mae 0.3953183900232342
sigma 0.75 l2reg 0.0001 mae 0.3953154581836018
sigma 1 l2reg 1e-10 mae 0.09391945759066012
sigma 1 l2reg 1e-07 mae 0.09391945113591493
sigma 1 l2reg 0.0001 mae 0.09391300204436881
min mae 0.09391300204436881 for sigma= 1 and l2reg= 0.0001
Random 256 0.09391300204436881
sigma 0.5 l2reg 1e-10 mae 1.0865886639979458
sigma 0.5 l2reg 1e-07 mae 1.086588664161638
sigma 0.5 l2reg 0.0001 mae 1.0865888261198355
sigma 0.75 l2reg 1e-10 mae 0.44355956767409577
sigma 0.75 l2reg 1e-07 mae 0.4435595908506267
sigma 0.75 l2reg 0.0001 mae 0.4435827403619248
sigma 1 l2reg 1e-10 mae 0.10733925590708093
sigma 1 l2reg 1e-07 mae 0.1073392608713446
sigma 1 l2reg 0.0001 mae 0.10734419334848067
min mae 0.10733925590708093 for sigma= 1 and l2reg= 1e-10
Random 512 0.10733925590708093
sigma 0.5 l2reg 1e-10 mae 1.2162951317810018
sigma 0.5 l2reg 1e-07 mae 1.216295138525239
sigma 0.5 l2reg 0.0001 mae 1.2163018753339765
sigma 0.75 l2reg 1e-10 mae 0.4641039865990022
sigma 0.75 l2reg 1e-07 mae 0.46410404942563854
sigma 0.75 l2reg 0.0001 mae 0.464166789569485
sigma 1 l2reg 1e-10 mae 0.06580448170550834
sigma 1 l2reg 1e-07 mae 0.0658045291488163
sigma 1 l2reg 0.0001 mae 0.06585146508360662
min mae 0.06580448170550834 for sigma= 1 and l2reg= 1e-10
Random 1024 0.06580448170550834
sigma 0.5 l2reg 1e-10 mae 1.5764157030629908
sigma 0.5 l2reg 1e-07 mae 1.5764156332280264
sigma 0.5 l2reg 0.0001 mae 1.5763459346116546
sigma 0.75 l2reg 1e-10 mae 0.601577675265534
sigma 0.75 l2reg 1e-07 mae 0.6015774659781625
sigma 0.75 l2reg 0.0001 mae 0.60137036493997
sigma 1 l2reg 1e-10 mae 0.08923177773733482
sigma 1 l2reg 1e-07 mae 0.08923169083113702
sigma 1 l2reg 0.0001 mae 0.08914654346154816
min mae 0.08914654346154816 for sigma= 1 and l2reg= 0.0001
Random 2048 0.08914654346154816
sigma 0.5 l2reg 1e-10 mae 1.9774036718765684
sigma 0.5 l2reg 1e-07 mae 1.977403517715831
sigma 0.5 l2reg 0.0001 mae 1.9772496512397266
sigma 0.75 l2reg 1e-10 mae 0.7316556796060736
sigma 0.75 l2reg 1e-07 mae 0.7316554377049256
sigma 0.75 l2reg 0.0001 mae 0.7313879680023758
sigma 1 l2reg 1e-10 mae 0.06913249746956307
sigma 1 l2reg 1e-07 mae 0.06913186213419475
sigma 1 l2reg 0.0001 mae 0.06851461457948016
min mae 0.06851461457948016 for sigma= 1 and l2reg= 0.0001
Random 4096 0.06851461457948016
sigma 0.5 l2reg 1e-10 mae 2.17621014705779
sigma 0.5 l2reg 1e-07 mae 2.176209687890501
sigma 0.5 l2reg 0.0001 mae 2.1757558150124465
sigma 0.75 l2reg 1e-10 mae 0.6972186992288512
sigma 0.75 l2reg 1e-07 mae 0.6972197451332063
sigma 0.75 l2reg 0.0001 mae 0.6975766457867492
sigma 1 l2reg 1e-10 mae 0.06056153315374058
sigma 1 l2reg 1e-07 mae 0.06055254796442977
sigma 1 l2reg 0.0001 mae 0.0578857397792758
min mae 0.0578857397792758 for sigma= 1 and l2reg= 0.0001
Random 7165 0.0578857397792758
Shuffle training data iter... 3 / 5
sigma 0.5 l2reg 1e-10 mae 0.5920001120471794
sigma 0.5 l2reg 1e-07 mae 0.5920001104721222
sigma 0.5 l2reg 0.0001 mae 0.5919985354405062
sigma 0.75 l2reg 1e-10 mae 0.39011332775591556
sigma 0.75 l2reg 1e-07 mae 0.39011332650543096
sigma 0.75 l2reg 0.0001 mae 0.3901120760572712
sigma 1 l2reg 1e-10 mae 0.287149245893404
sigma 1 l2reg 1e-07 mae 0.2871492452066368
sigma 1 l2reg 0.0001 mae 0.2871485584771104
min mae 0.2871485584771104 for sigma= 1 and l2reg= 0.0001
Random 16 0.2871485584771104
sigma 0.5 l2reg 1e-10 mae 0.6456798940378131
sigma 0.5 l2reg 1e-07 mae 0.6456798927212506
sigma 0.5 l2reg 0.0001 mae 0.6456785761732764
sigma 0.75 l2reg 1e-10 mae 0.3616587326309193
sigma 0.75 l2reg 1e-07 mae 0.3616587325204763
sigma 0.75 l2reg 0.0001 mae 0.361658622083324
sigma 1 l2reg 1e-10 mae 0.21563824114470953
sigma 1 l2reg 1e-07 mae 0.2156382429839494
sigma 1 l2reg 0.0001 mae 0.21564008215864483
min mae 0.21563824114470953 for sigma= 1 and l2reg= 1e-10
Random 32 0.21563824114470953
sigma 0.5 l2reg 1e-10 mae 0.6231217697257032
sigma 0.5 l2reg 1e-07 mae 0.6231217697371698
sigma 0.5 l2reg 0.0001 mae 0.6231217811827435
sigma 0.75 l2reg 1e-10 mae 0.26029135145051374
sigma 0.75 l2reg 1e-07 mae 0.2602913542937406
sigma 0.75 l2reg 0.0001 mae 0.2602941973759396
sigma 1 l2reg 1e-10 mae 0.07239270645861495
sigma 1 l2reg 1e-07 mae 0.07239271190187391
sigma 1 l2reg 0.0001 mae 0.07239815480938283
min mae 0.07239270645861495 for sigma= 1 and l2reg= 1e-10
Random 64 0.07239270645861495
sigma 0.5 l2reg 1e-10 mae 0.6706943872023733
sigma 0.5 l2reg 1e-07 mae 0.6706943873228682
sigma 0.5 l2reg 0.0001 mae 0.6706945077873913
sigma 0.75 l2reg 1e-10 mae 0.27927655289560827
sigma 0.75 l2reg 1e-07 mae 0.2792765565674262
sigma 0.75 l2reg 0.0001 mae 0.27928022813951614
sigma 1 l2reg 1e-10 mae 0.09572378118352187
sigma 1 l2reg 1e-07 mae 0.09572378458036557
sigma 1 l2reg 0.0001 mae 0.09572718121929125
min mae 0.09572378118352187 for sigma= 1 and l2reg= 1e-10
Random 128 0.09572378118352187
sigma 0.5 l2reg 1e-10 mae 0.7771987897673736
sigma 0.5 l2reg 1e-07 mae 0.777198784387293
sigma 0.5 l2reg 0.0001 mae 0.7771934046980953
sigma 0.75 l2reg 1e-10 mae 0.33133707486080066
sigma 0.75 l2reg 1e-07 mae 0.33133706501952265
sigma 0.75 l2reg 0.0001 mae 0.33132722692474914
sigma 1 l2reg 1e-10 mae 0.09554576017098082
sigma 1 l2reg 1e-07 mae 0.09554576005724424
sigma 1 l2reg 0.0001 mae 0.09554563247056347
min mae 0.09554563247056347 for sigma= 1 and l2reg= 0.0001
Random 256 0.09554563247056347
sigma 0.5 l2reg 1e-10 mae 0.9847818578513658
sigma 0.5 l2reg 1e-07 mae 0.9847818402897728
sigma 0.5 l2reg 0.0001 mae 0.9847642809934483
sigma 0.75 l2reg 1e-10 mae 0.417230127972009
sigma 0.75 l2reg 1e-07 mae 0.4172301039047719
sigma 0.75 l2reg 0.0001 mae 0.4172060540244251
sigma 1 l2reg 1e-10 mae 0.07256590162573939
sigma 1 l2reg 1e-07 mae 0.07256588290426702
sigma 1 l2reg 0.0001 mae 0.07254731414205207
min mae 0.07254731414205207 for sigma= 1 and l2reg= 0.0001
Random 512 0.07254731414205207
sigma 0.5 l2reg 1e-10 mae 1.2796746965069294
sigma 0.5 l2reg 1e-07 mae 1.2796746697590944
sigma 0.5 l2reg 0.0001 mae 1.2796479254410356
sigma 0.75 l2reg 1e-10 mae 0.5408235773792329
sigma 0.75 l2reg 1e-07 mae 0.5408235766425085
sigma 0.75 l2reg 0.0001 mae 0.5408226928458211
sigma 1 l2reg 1e-10 mae 0.09567876428393429
sigma 1 l2reg 1e-07 mae 0.09567880851620725
sigma 1 l2reg 0.0001 mae 0.09572227345343531
min mae 0.09567876428393429 for sigma= 1 and l2reg= 1e-10
Random 1024 0.09567876428393429
sigma 0.5 l2reg 1e-10 mae 1.5069718111552026
sigma 0.5 l2reg 1e-07 mae 1.5069717882862212
sigma 0.5 l2reg 0.0001 mae 1.5069489966140592
sigma 0.75 l2reg 1e-10 mae 0.5219789884929709
sigma 0.75 l2reg 1e-07 mae 0.5219790423423047
sigma 0.75 l2reg 0.0001 mae 0.5220327489520526
sigma 1 l2reg 1e-10 mae 0.04261116704814594
sigma 1 l2reg 1e-07 mae 0.04261144371080672
sigma 1 l2reg 0.0001 mae 0.04287840782539387
min mae 0.04261116704814594 for sigma= 1 and l2reg= 1e-10
Random 2048 0.04261116704814594
sigma 0.5 l2reg 1e-10 mae 1.8442002483825446
sigma 0.5 l2reg 1e-07 mae 1.844199996882625
sigma 0.5 l2reg 0.0001 mae 1.8439506400226646
sigma 0.75 l2reg 1e-10 mae 0.5694778813005241
sigma 0.75 l2reg 1e-07 mae 0.5694771983114704
sigma 0.75 l2reg 0.0001 mae 0.5688323028035525
sigma 1 l2reg 1e-10 mae 0.042958342412286576
sigma 1 l2reg 1e-07 mae 0.042958292728012104
sigma 1 l2reg 0.0001 mae 0.042934641270316654
min mae 0.042934641270316654 for sigma= 1 and l2reg= 0.0001
Random 4096 0.042934641270316654
sigma 0.5 l2reg 1e-10 mae 2.1762101470586215
sigma 0.5 l2reg 1e-07 mae 2.176209687890945
sigma 0.5 l2reg 0.0001 mae 2.175755815013029
sigma 0.75 l2reg 1e-10 mae 0.6972186992245453
sigma 0.75 l2reg 1e-07 mae 0.6972197451311599
sigma 0.75 l2reg 0.0001 mae 0.6975766457793311
sigma 1 l2reg 1e-10 mae 0.06056153315112578
sigma 1 l2reg 1e-07 mae 0.060552547956528535
sigma 1 l2reg 0.0001 mae 0.05788573976929978
min mae 0.05788573976929978 for sigma= 1 and l2reg= 0.0001
Random 7165 0.05788573976929978
Shuffle training data iter... 4 / 5
sigma 0.5 l2reg 1e-10 mae 0.572006822332935
sigma 0.5 l2reg 1e-07 mae 0.572006820999855
sigma 0.5 l2reg 0.0001 mae 0.572005487936314
sigma 0.75 l2reg 1e-10 mae 0.34898950693081404
sigma 0.75 l2reg 1e-07 mae 0.34898950625257913
sigma 0.75 l2reg 0.0001 mae 0.34898882803855613
sigma 1 l2reg 1e-10 mae 0.22596968509030593
sigma 1 l2reg 1e-07 mae 0.2259696869410543
sigma 1 l2reg 0.0001 mae 0.22597153758626257
min mae 0.22596968509030593 for sigma= 1 and l2reg= 1e-10
Random 16 0.22596968509030593
sigma 0.5 l2reg 1e-10 mae 0.6864335071772539
sigma 0.5 l2reg 1e-07 mae 0.6864335055518306
sigma 0.5 l2reg 0.0001 mae 0.6864318801416427
sigma 0.75 l2reg 1e-10 mae 0.37253097459282003
sigma 0.75 l2reg 1e-07 mae 0.37253097423048787
sigma 0.75 l2reg 0.0001 mae 0.37253061190035774
sigma 1 l2reg 1e-10 mae 0.19553405423168435
sigma 1 l2reg 1e-07 mae 0.1955340573276665
sigma 1 l2reg 0.0001 mae 0.19553715312719655
min mae 0.19553405423168435 for sigma= 1 and l2reg= 1e-10
Random 32 0.19553405423168435
sigma 0.5 l2reg 1e-10 mae 0.5802539977085839
sigma 0.5 l2reg 1e-07 mae 0.5802539964672592
sigma 0.5 l2reg 0.0001 mae 0.580252755163283
sigma 0.75 l2reg 1e-10 mae 0.2657916403009668
sigma 0.75 l2reg 1e-07 mae 0.2657916402684364
sigma 0.75 l2reg 0.0001 mae 0.2657916077421878
sigma 1 l2reg 1e-10 mae 0.08852750449320279
sigma 1 l2reg 1e-07 mae 0.08852750613205718
sigma 1 l2reg 0.0001 mae 0.08852914505672382
min mae 0.08852750449320279 for sigma= 1 and l2reg= 1e-10
Random 64 0.08852750449320279
sigma 0.5 l2reg 1e-10 mae 0.6845047292978395
sigma 0.5 l2reg 1e-07 mae 0.6845047273685061
sigma 0.5 l2reg 0.0001 mae 0.6845027981459493
sigma 0.75 l2reg 1e-10 mae 0.2748948831973985
sigma 0.75 l2reg 1e-07 mae 0.2748948809559604
sigma 0.75 l2reg 0.0001 mae 0.2748926403095284
sigma 1 l2reg 1e-10 mae 0.059149208707625966
sigma 1 l2reg 1e-07 mae 0.05914921561289166
sigma 1 l2reg 0.0001 mae 0.059156118224788834
min mae 0.059149208707625966 for sigma= 1 and l2reg= 1e-10
Random 128 0.059149208707625966
sigma 0.5 l2reg 1e-10 mae 0.8028620839247561
sigma 0.5 l2reg 1e-07 mae 0.8028620791693948
sigma 0.5 l2reg 0.0001 mae 0.8028573240385585
sigma 0.75 l2reg 1e-10 mae 0.3231866293025695
sigma 0.75 l2reg 1e-07 mae 0.3231866219497106
sigma 0.75 l2reg 0.0001 mae 0.3231792709267566
sigma 1 l2reg 1e-10 mae 0.0632009057667573
sigma 1 l2reg 1e-07 mae 0.06320091234818292
sigma 1 l2reg 0.0001 mae 0.06320749162137096
min mae 0.0632009057667573 for sigma= 1 and l2reg= 1e-10
Random 256 0.0632009057667573
sigma 0.5 l2reg 1e-10 mae 1.0820803701228199
sigma 0.5 l2reg 1e-07 mae 1.0820803596324504
sigma 0.5 l2reg 0.0001 mae 1.0820698702092297
sigma 0.75 l2reg 1e-10 mae 0.4309279747205794
sigma 0.75 l2reg 1e-07 mae 0.43092798424027645
sigma 0.75 l2reg 0.0001 mae 0.4309374843241107
sigma 1 l2reg 1e-10 mae 0.05466961826084482
sigma 1 l2reg 1e-07 mae 0.05466964801595875
sigma 1 l2reg 0.0001 mae 0.05469930087247743
min mae 0.05466961826084482 for sigma= 1 and l2reg= 1e-10
Random 512 0.05466961826084482
sigma 0.5 l2reg 1e-10 mae 1.1919728766291042
sigma 0.5 l2reg 1e-07 mae 1.1919728685970945
sigma 0.5 l2reg 0.0001 mae 1.1919648400348546
sigma 0.75 l2reg 1e-10 mae 0.42616336029052615
sigma 0.75 l2reg 1e-07 mae 0.426163392709646
sigma 0.75 l2reg 0.0001 mae 0.4261958272615898
sigma 1 l2reg 1e-10 mae 0.05954579602066712
sigma 1 l2reg 1e-07 mae 0.05954581492455002
sigma 1 l2reg 0.0001 mae 0.05956448200533071
min mae 0.05954579602066712 for sigma= 1 and l2reg= 1e-10
Random 1024 0.05954579602066712
sigma 0.5 l2reg 1e-10 mae 1.607173415353576
sigma 0.5 l2reg 1e-07 mae 1.6071733637801957
sigma 0.5 l2reg 0.0001 mae 1.6071218743772482
sigma 0.75 l2reg 1e-10 mae 0.6085185523059655
sigma 0.75 l2reg 1e-07 mae 0.6085183464453072
sigma 0.75 l2reg 0.0001 mae 0.608315450076435
sigma 1 l2reg 1e-10 mae 0.07737774469554903
sigma 1 l2reg 1e-07 mae 0.07737771345968536
sigma 1 l2reg 0.0001 mae 0.07735140492509895
min mae 0.07735140492509895 for sigma= 1 and l2reg= 0.0001
Random 2048 0.07735140492509895
sigma 0.5 l2reg 1e-10 mae 1.9570635889912458
sigma 0.5 l2reg 1e-07 mae 1.957063121907633
sigma 0.5 l2reg 0.0001 mae 1.9566015245500141
sigma 0.75 l2reg 1e-10 mae 0.6220499594574056
sigma 0.75 l2reg 1e-07 mae 0.6220478139616104
sigma 0.75 l2reg 0.0001 mae 0.6201212919929331
sigma 1 l2reg 1e-10 mae 0.07183828981193141
sigma 1 l2reg 1e-07 mae 0.07183688535325938
sigma 1 l2reg 0.0001 mae 0.07088871153919296
min mae 0.07088871153919296 for sigma= 1 and l2reg= 0.0001
Random 4096 0.07088871153919296
sigma 0.5 l2reg 1e-10 mae 2.17621014705814
sigma 0.5 l2reg 1e-07 mae 2.176209687890249
sigma 0.5 l2reg 0.0001 mae 2.1757558150126455
sigma 0.75 l2reg 1e-10 mae 0.6972186992288512
sigma 0.75 l2reg 1e-07 mae 0.6972197451337463
sigma 0.75 l2reg 0.0001 mae 0.6975766457814059
sigma 1 l2reg 1e-10 mae 0.06056153314828361
sigma 1 l2reg 1e-07 mae 0.06055254795158316
sigma 1 l2reg 0.0001 mae 0.05788573976858924
min mae 0.05788573976858924 for sigma= 1 and l2reg= 0.0001
Random 7165 0.05788573976858924
Shuffle training data iter... 5 / 5
sigma 0.5 l2reg 1e-10 mae 0.6378393555752616
sigma 0.5 l2reg 1e-07 mae 0.6378393543050704
sigma 0.5 l2reg 0.0001 mae 0.6378380841202451
sigma 0.75 l2reg 1e-10 mae 0.38604993841193713
sigma 0.75 l2reg 1e-07 mae 0.38604993816238686
sigma 0.75 l2reg 0.0001 mae 0.38604968860973066
sigma 1 l2reg 1e-10 mae 0.24230326738150748
sigma 1 l2reg 1e-07 mae 0.24230326790106177
sigma 1 l2reg 0.0001 mae 0.24230378744469283
min mae 0.24230326738150748 for sigma= 1 and l2reg= 1e-10
Random 16 0.24230326738150748
sigma 0.5 l2reg 1e-10 mae 0.6375871796669219
sigma 0.5 l2reg 1e-07 mae 0.6375871776390385
sigma 0.5 l2reg 0.0001 mae 0.6375851497941891
sigma 0.75 l2reg 1e-10 mae 0.3225117947947749
sigma 0.75 l2reg 1e-07 mae 0.3225117937497419
sigma 0.75 l2reg 0.0001 mae 0.32251074880368336
sigma 1 l2reg 1e-10 mae 0.08819129210922938
sigma 1 l2reg 1e-07 mae 0.0881912962782101
sigma 1 l2reg 0.0001 mae 0.08819546509823706
min mae 0.08819129210922938 for sigma= 1 and l2reg= 1e-10
Random 32 0.08819129210922938
sigma 0.5 l2reg 1e-10 mae 0.675010613515741
sigma 0.5 l2reg 1e-07 mae 0.6750106101238034
sigma 0.5 l2reg 0.0001 mae 0.67500721827578
sigma 0.75 l2reg 1e-10 mae 0.3259244067904632
sigma 0.75 l2reg 1e-07 mae 0.3259244035112854
sigma 0.75 l2reg 0.0001 mae 0.3259211246101299
sigma 1 l2reg 1e-10 mae 0.07731142167124982
sigma 1 l2reg 1e-07 mae 0.07731142260570945
sigma 1 l2reg 0.0001 mae 0.07731235727354235
min mae 0.07731142167124982 for sigma= 1 and l2reg= 1e-10
Random 64 0.07731142167124982
sigma 0.5 l2reg 1e-10 mae 0.6572434063684278
sigma 0.5 l2reg 1e-07 mae 0.6572434050066926
sigma 0.5 l2reg 0.0001 mae 0.6572420432534457
sigma 0.75 l2reg 1e-10 mae 0.2958765149315292
sigma 0.75 l2reg 1e-07 mae 0.2958765139479558
sigma 0.75 l2reg 0.0001 mae 0.29587553070750294
sigma 1 l2reg 1e-10 mae 0.07990036015333679
sigma 1 l2reg 1e-07 mae 0.07990036185974203
sigma 1 l2reg 0.0001 mae 0.07990206944804701
min mae 0.07990036015333679 for sigma= 1 and l2reg= 1e-10
Random 128 0.07990036015333679
sigma 0.5 l2reg 1e-10 mae 0.8070319372381065
sigma 0.5 l2reg 1e-07 mae 0.8070319391936303
sigma 0.5 l2reg 0.0001 mae 0.8070338936222325
sigma 0.75 l2reg 1e-10 mae 0.33870878742837074
sigma 0.75 l2reg 1e-07 mae 0.33870879900983275
sigma 0.75 l2reg 0.0001 mae 0.3387203672161161
sigma 1 l2reg 1e-10 mae 0.10059928030981613
sigma 1 l2reg 1e-07 mae 0.10059928766205761
sigma 1 l2reg 0.0001 mae 0.10060663891038146
min mae 0.10059928030981613 for sigma= 1 and l2reg= 1e-10
Random 256 0.10059928030981613
sigma 0.5 l2reg 1e-10 mae 1.017359380391313
sigma 0.5 l2reg 1e-07 mae 1.017359374303778
sigma 0.5 l2reg 0.0001 mae 1.0173532877304758
sigma 0.75 l2reg 1e-10 mae 0.3664535002520415
sigma 0.75 l2reg 1e-07 mae 0.3664535158566542
sigma 0.75 l2reg 0.0001 mae 0.3664691055819693
sigma 1 l2reg 1e-10 mae 0.0634354354865776
sigma 1 l2reg 1e-07 mae 0.0634354505455077
sigma 1 l2reg 0.0001 mae 0.06345048996080305
min mae 0.0634354354865776 for sigma= 1 and l2reg= 1e-10
Random 512 0.0634354354865776
sigma 0.5 l2reg 1e-10 mae 1.2764372614627932
sigma 0.5 l2reg 1e-07 mae 1.2764372373316357
sigma 0.5 l2reg 0.0001 mae 1.2764131124777132
sigma 0.75 l2reg 1e-10 mae 0.4575131331423732
sigma 0.75 l2reg 1e-07 mae 0.4575131076254868
sigma 0.75 l2reg 0.0001 mae 0.45748767664532064
sigma 1 l2reg 1e-10 mae 0.062339726166334763
sigma 1 l2reg 1e-07 mae 0.06233980070457701
sigma 1 l2reg 0.0001 mae 0.06241375529894011
min mae 0.062339726166334763 for sigma= 1 and l2reg= 1e-10
Random 1024 0.062339726166334763
sigma 0.5 l2reg 1e-10 mae 1.7016093028194623
sigma 0.5 l2reg 1e-07 mae 1.7016092877674023
sigma 0.5 l2reg 0.0001 mae 1.701594065704529
sigma 0.75 l2reg 1e-10 mae 0.6297427168669598
sigma 0.75 l2reg 1e-07 mae 0.6297428303067063
sigma 0.75 l2reg 0.0001 mae 0.6298516538463188
sigma 1 l2reg 1e-10 mae 0.07526865066970867
sigma 1 l2reg 1e-07 mae 0.07526862021121428
sigma 1 l2reg 0.0001 mae 0.07522943946829752
min mae 0.07522943946829752 for sigma= 1 and l2reg= 0.0001
Random 2048 0.07522943946829752
sigma 0.5 l2reg 1e-10 mae 1.8844350893005872
sigma 0.5 l2reg 1e-07 mae 1.8844348838358966
sigma 0.5 l2reg 0.0001 mae 1.8842310639151938
sigma 0.75 l2reg 1e-10 mae 0.6266964481839592
sigma 0.75 l2reg 1e-07 mae 0.626696285356469
sigma 0.75 l2reg 0.0001 mae 0.6265155566042422
sigma 1 l2reg 1e-10 mae 0.042422599066010314
sigma 1 l2reg 1e-07 mae 0.04242288842905406
sigma 1 l2reg 0.0001 mae 0.04265556866976805
min mae 0.042422599066010314 for sigma= 1 and l2reg= 1e-10
Random 4096 0.042422599066010314
sigma 0.5 l2reg 1e-10 mae 2.17621014705757
sigma 0.5 l2reg 1e-07 mae 2.1762096878903803
sigma 0.5 l2reg 0.0001 mae 2.1757558150125176
sigma 0.75 l2reg 1e-10 mae 0.697218699228908
sigma 0.75 l2reg 1e-07 mae 0.6972197451372422
sigma 0.75 l2reg 0.0001 mae 0.6975766457839923
sigma 1 l2reg 1e-10 mae 0.06056153315544588
sigma 1 l2reg 1e-07 mae 0.06055254795283371
sigma 1 l2reg 0.0001 mae 0.05788573977347777
min mae 0.05788573977347777 for sigma= 1 and l2reg= 0.0001
Random 7165 0.05788573977347777
