STARTING AT Mon Apr 15 03:13:55 PM CEST 2024
Config name template
Read 1 target(s): ['sildenafil']
Generated representation FCHL of database qm7 in /home/haeberle/molekuehl/data/FCHL_qm7_template.npz.
Generated representation FCHL of target sildenafil in /home/haeberle/molekuehl/data/FCHL_sildenafil.npz.
Saved CUR ranking of 64 fragments of database qm7 to /home/haeberle/molekuehl/rankings/cur_FCHL_qm7.npy.
Set parameter TokenServer to value "scitas-lic-srv.epfl.ch"
Set parameter TimeLimit to value 600
/ssoft/spack/syrah/v3/opt/spack/linux-rhel9-icelake/gcc-11.3.0/python-3.10.4-cqvcknfrhy7qvkfjdy6afgvgitsni3kd/lib/python3.10/site-packages/numpy/lib/npyio.py:518: VisibleDeprecationWarning: Creating an ndarray from ragged nested sequences (which is a list-or-tuple of lists-or-tuples-or ndarrays with different lengths or shapes) is deprecated. If you meant to do this, you must specify 'dtype=object' when creating the ndarray.
  arr = np.asanyarray(arr)
Constructing objective...
Objective set.
Saved FPS rankings of [16, 32, 64] fragments of database qm7 to /home/haeberle/molekuehl/rankings/fps_FCHL_qm7.npz.
Saved ranking of 64 closest fragments of database qm7 to target sildenafil to /home/haeberle/molekuehl/rankings/sml_FCHL_qm7_sildenafil.npy.
Parameters: penalty_constant= 1 ; duplicates= 1
Adding variables...
Variables added.
Adding constraints...
Constructing objective function...
Objective function set.
Model setup:  714.7315689029638 s
Saved model to file /home/haeberle/molekuehl/models/FCHL_qm7_sildenafil_1.mps.
Read MPS format model from file /home/haeberle/molekuehl/models/FCHL_qm7_sildenafil_1.mps
Reading time = 1.03 seconds
: 968729 rows, 858046 columns, 4261570 nonzeros
Found penalty constant of 1.0.
------------------------------------
           Optimization
Time limit:  3600  seconds
------------------------------------
Interrupting because enough fragments were found.

Optimization runtime:  1112.7775428295135 s
Saved 49 solutions to /home/haeberle/molekuehl/solutions/FCHL_qm7_sildenafil_1.csv.
Saved ranking of size 64 to /home/haeberle/molekuehl/rankings/algo_FCHL_qm7_sildenafil_1.npy.
min avg mae 0.018550852153021918 for sigma= 1.0 and l2reg= 0.0001
min avg mae 0.011505017328919976 for sigma= 1.0 and l2reg= 0.0001
min avg mae 0.008375838909917641 for sigma= 1.0 and l2reg= 0.0001
Saved to file /home/haeberle/molekuehl/learning_curves/algo_FCHL_qm7_sildenafil_1.npz.
min avg mae 0.0025953566668745153 for sigma= 1.0 and l2reg= 1e-07
min avg mae 0.0016681836337880563 for sigma= 1.0 and l2reg= 1e-07
min avg mae 0.001199560941858291 for sigma= 1.0 and l2reg= 1e-07
Saved to file /home/haeberle/molekuehl/learning_curves/sml_FCHL_qm7_sildenafil.npz.
min avg mae 0.04416895443188947 for sigma= 1.0 and l2reg= 1e-07
min avg mae 0.019013439049022147 for sigma= 1.0 and l2reg= 1e-07
min avg mae 0.013511721833669065 for sigma= 1.0 and l2reg= 0.0001
Saved to file /home/haeberle/molekuehl/learning_curves/cur_FCHL_qm7_sildenafil.npz.
min avg mae 0.03676990949120419 for sigma= 1.0 and l2reg= 1e-07
Random 16 0.23346159182192117
min avg mae 0.033734938498157084 for sigma= 0.75 and l2reg= 0.0001
Random 32 0.48431445808604145
min avg mae 0.018243227749929418 for sigma= 1.0 and l2reg= 0.0001
Random 64 0.22806109209354108
All MAEs random [[0.23346159182192117, 0.48431445808604145, 0.22806109209354108]]
Saved to file /home/haeberle/molekuehl/learning_curves/random_FCHL_qm7_sildenafil.npz.
Normalizing constant: 118.03202464134614
Saved plot to /home/haeberle/molekuehl/plots/FCHL_qm7_sildenafil_1.svg
Saved plot to /home/haeberle/molekuehl/plots/FCHL_qm7_template_average_1.svg
FINISHED AT Mon Apr 15 04:34:02 PM CEST 2024
